<!DOCTYPE html>

<html>
  <head>
  <meta charset='utf-8'>
  <title>TestNG reports</title>

    <link type="text/css" href="testng-reports.css" rel="stylesheet" />  
    <script type="text/javascript" src="jquery-1.7.1.min.js"></script>
    <script type="text/javascript" src="testng-reports.js"></script>
    <script type="text/javascript" src="https://www.google.com/jsapi"></script>
    <script type='text/javascript'>
      google.load('visualization', '1', {packages:['table']});
      google.setOnLoadCallback(drawTable);
      var suiteTableInitFunctions = new Array();
      var suiteTableData = new Array();
    </script>
    <!--
      <script type="text/javascript" src="jquery-ui/js/jquery-ui-1.8.16.custom.min.js"></script>
     -->
  </head>

  <body>
    <div class="top-banner-root">
      <span class="top-banner-title-font">Test results</span>
      <br/>
      <span class="top-banner-font-1">1 suite, 43 failed tests</span>
    </div> <!-- top-banner-root -->
    <div class="navigator-root">
      <div class="navigator-suite-header">
        <span>All suites</span>
        <a href="#" class="collapse-all-link" title="Collapse/expand all the suites">
          <img class="collapse-all-icon" src="collapseall.gif">
          </img> <!-- collapse-all-icon -->
        </a> <!-- collapse-all-link -->
      </div> <!-- navigator-suite-header -->
      <div class="suite">
        <div class="rounded-window">
          <div class="suite-header light-rounded-window-top">
            <a href="#" class="navigator-link" panel-name="suite-Default_suite">
              <span class="suite-name border-failed">Default suite</span>
            </a> <!-- navigator-link -->
          </div> <!-- suite-header light-rounded-window-top -->
          <div class="navigator-suite-content">
            <div class="suite-section-title">
              <span>Info</span>
            </div> <!-- suite-section-title -->
            <div class="suite-section-content">
              <ul>
                <li>
                  <a href="#" class="navigator-link " panel-name="test-xml-Default_suite">
                    <span>C:\Users\Dmitry\AppData\Local\Temp\testng-eclipse-1836251104\testng-customsuite.xml</span>
                  </a> <!-- navigator-link  -->
                </li>
                <li>
                  <a href="#" class="navigator-link " panel-name="testlist-Default_suite">
                    <span class="test-stats">1 test</span>
                  </a> <!-- navigator-link  -->
                </li>
                <li>
                  <a href="#" class="navigator-link " panel-name="group-Default_suite">
                    <span>0 groups</span>
                  </a> <!-- navigator-link  -->
                </li>
                <li>
                  <a href="#" class="navigator-link " panel-name="times-Default_suite">
                    <span>Times</span>
                  </a> <!-- navigator-link  -->
                </li>
                <li>
                  <a href="#" class="navigator-link " panel-name="reporter-Default_suite">
                    <span>Reporter output</span>
                  </a> <!-- navigator-link  -->
                </li>
                <li>
                  <a href="#" class="navigator-link " panel-name="ignored-methods-Default_suite">
                    <span>Ignored methods</span>
                  </a> <!-- navigator-link  -->
                </li>
                <li>
                  <a href="#" class="navigator-link " panel-name="chronological-Default_suite">
                    <span>Chronological view</span>
                  </a> <!-- navigator-link  -->
                </li>
              </ul>
            </div> <!-- suite-section-content -->
            <div class="result-section">
              <div class="suite-section-title">
                <span>Results</span>
              </div> <!-- suite-section-title -->
              <div class="suite-section-content">
                <ul>
                  <li>
                    <span class="method-stats">46 methods, 43 failed,   3 passed</span>
                  </li>
                  <li>
                    <span class="method-list-title failed">Failed methods</span>
                    <span class="show-or-hide-methods failed">
                      <a href="#" panel-name="suite-Default_suite" class="hide-methods failed suite-Default_suite"> (hide)</a> <!-- hide-methods failed suite-Default_suite -->
                      <a href="#" panel-name="suite-Default_suite" class="show-methods failed suite-Default_suite"> (show)</a> <!-- show-methods failed suite-Default_suite -->
                    </span>
                    <div class="method-list-content failed suite-Default_suite">
                      <span>
                        <img width="3%" src="failed.png"/>
                        <a href="#" class="method navigator-link" panel-name="suite-Default_suite" title="core.ElementsValidationTest" hash-for-method="test(Confirmation Field (gender), confirmation.php, id_gender_conf, (10, 42), (561, 346)		)">test(Confirmation Field (gender), confirmation.php, id_gender_conf, (10, 42), (561, 346)		)</a> <!-- method navigator-link -->
                      </span>
                      <br/>
                      <span>
                        <img width="3%" src="failed.png"/>
                        <a href="#" class="method navigator-link" panel-name="suite-Default_suite" title="core.ElementsValidationTest" hash-for-method="test(Label (radio female), index.php, id_r_label_f, (66, 23), (792, 354)		)">test(Label (radio female), index.php, id_r_label_f, (66, 23), (792, 354)		)</a> <!-- method navigator-link -->
                      </span>
                      <br/>
                      <span>
                        <img width="3%" src="failed.png"/>
                        <a href="#" class="method navigator-link" panel-name="suite-Default_suite" title="core.ElementsValidationTest" hash-for-method="test(Drop-down List (state), index.php, id_state, (345, 44), (985, 342)		)">test(Drop-down List (state), index.php, id_state, (345, 44), (985, 342)		)</a> <!-- method navigator-link -->
                      </span>
                      <br/>
                      <span>
                        <img width="3%" src="failed.png"/>
                        <a href="#" class="method navigator-link" panel-name="suite-Default_suite" title="core.ElementsValidationTest" hash-for-method="test(Label (radio male), index.php, id_r_label_m, (43, 23), (612, 354)		)">test(Label (radio male), index.php, id_r_label_m, (43, 23), (612, 354)		)</a> <!-- method navigator-link -->
                      </span>
                      <br/>
                      <span>
                        <img width="3%" src="failed.png"/>
                        <a href="#" class="method navigator-link" panel-name="suite-Default_suite" title="core.ElementsValidationTest" hash-for-method="test(Confirmation Field (first name), confirmation.php, id_fname_conf, (10, 42), (561, 186)		)">test(Confirmation Field (first name), confirmation.php, id_fname_conf, (10, 42), (561, 186)		)</a> <!-- method navigator-link -->
                      </span>
                      <br/>
                      <span>
                        <img width="3%" src="failed.png"/>
                        <a href="#" class="method navigator-link" panel-name="suite-Default_suite" title="core.ElementsValidationTest" hash-for-method="test(Field (phone number), index.php, id_phone, (368, 42), (985, 263)		)">test(Field (phone number), index.php, id_phone, (368, 42), (985, 263)		)</a> <!-- method navigator-link -->
                      </span>
                      <br/>
                      <span>
                        <img width="3%" src="failed.png"/>
                        <a href="#" class="method navigator-link" panel-name="suite-Default_suite" title="core.ElementsValidationTest" hash-for-method="test(Label (phone number), index.php, id_f_label_pn, (143, 25), (985, 233)		)">test(Label (phone number), index.php, id_f_label_pn, (143, 25), (985, 233)		)</a> <!-- method navigator-link -->
                      </span>
                      <br/>
                      <span>
                        <img width="3%" src="failed.png"/>
                        <a href="#" class="method navigator-link" panel-name="suite-Default_suite" title="core.ElementsValidationTest" hash-for-method="test(Label (last name), index.php, id_f_label_ln, (103, 25), (985, 153)		)">test(Label (last name), index.php, id_f_label_ln, (103, 25), (985, 153)		)</a> <!-- method navigator-link -->
                      </span>
                      <br/>
                      <span>
                        <img width="3%" src="failed.png"/>
                        <a href="#" class="method navigator-link" panel-name="suite-Default_suite" title="core.ElementsValidationTest" hash-for-method="test(Confirmation Label (gender), confirmation.php, id_f_label_gender_conf, (71, 25), (561, 313)		)">test(Confirmation Label (gender), confirmation.php, id_f_label_gender_conf, (71, 25), (561, 313)		)</a> <!-- method navigator-link -->
                      </span>
                      <br/>
                      <span>
                        <img width="3%" src="failed.png"/>
                        <a href="#" class="method navigator-link" panel-name="suite-Default_suite" title="core.ElementsValidationTest" hash-for-method="test(Confirmation Field (email address), confirmation.php, id_email_conf, (10, 42), (561, 266)		)">test(Confirmation Field (email address), confirmation.php, id_email_conf, (10, 42), (561, 266)		)</a> <!-- method navigator-link -->
                      </span>
                      <br/>
                      <span>
                        <img width="3%" src="failed.png"/>
                        <a href="#" class="method navigator-link" panel-name="suite-Default_suite" title="core.ElementsValidationTest" hash-for-method="test(Image (twitter), index.php, id_img_twitter, (60, 60), (629, 477)		)">test(Image (twitter), index.php, id_img_twitter, (60, 60), (629, 477)		)</a> <!-- method navigator-link -->
                      </span>
                      <br/>
                      <span>
                        <img width="3%" src="failed.png"/>
                        <a href="#" class="method navigator-link" panel-name="suite-Default_suite" title="core.ElementsValidationTest" hash-for-method="test(Label (I agree to the Terms), index.php, id_cb_label, (234, 29), (555, 555)		)">test(Label (I agree to the Terms), index.php, id_cb_label, (234, 29), (555, 555)		)</a> <!-- method navigator-link -->
                      </span>
                      <br/>
                      <span>
                        <img width="3%" src="failed.png"/>
                        <a href="#" class="method navigator-link" panel-name="suite-Default_suite" title="core.ElementsValidationTest" hash-for-method="test(Image (youtube), index.php, id_img_youtube, (60, 60), (767, 477)		)">test(Image (youtube), index.php, id_img_youtube, (60, 60), (767, 477)		)</a> <!-- method navigator-link -->
                      </span>
                      <br/>
                      <span>
                        <img width="3%" src="failed.png"/>
                        <a href="#" class="method navigator-link" panel-name="suite-Default_suite" title="core.ElementsValidationTest" hash-for-method="test(Confirmation Field (last name), confirmation.php, id_lname_conf, (10, 42), (986, 186)		)">test(Confirmation Field (last name), confirmation.php, id_lname_conf, (10, 42), (986, 186)		)</a> <!-- method navigator-link -->
                      </span>
                      <br/>
                      <span>
                        <img width="3%" src="failed.png"/>
                        <a href="#" class="method navigator-link" panel-name="suite-Default_suite" title="core.ElementsValidationTest" hash-for-method="test(Field (last name), index.php, id_lname, (368, 42), (985, 183)	)">test(Field (last name), index.php, id_lname, (368, 42), (985, 183)	)</a> <!-- method navigator-link -->
                      </span>
                      <br/>
                      <span>
                        <img width="3%" src="failed.png"/>
                        <a href="#" class="method navigator-link" panel-name="suite-Default_suite" title="core.ElementsValidationTest" hash-for-method="test(Dynamic text (copyright), index.php, copyright, (250, 24), (825, 550)		)">test(Dynamic text (copyright), index.php, copyright, (250, 24), (825, 550)		)</a> <!-- method navigator-link -->
                      </span>
                      <br/>
                      <span>
                        <img width="3%" src="failed.png"/>
                        <a href="#" class="method navigator-link" panel-name="suite-Default_suite" title="core.ElementsValidationTest" hash-for-method="test(Confirmation Label (first name), confirmation.php, id_f_label_fn_conf, (104, 25), (555, 555)		)">test(Confirmation Label (first name), confirmation.php, id_f_label_fn_conf, (104, 25), (555, 555)		)</a> <!-- method navigator-link -->
                      </span>
                      <br/>
                      <span>
                        <img width="3%" src="failed.png"/>
                        <a href="#" class="method navigator-link" panel-name="suite-Default_suite" title="core.ElementsValidationTest" hash-for-method="test(Field (email address), index.php, id_email, (368, 42), (560, 263)		)">test(Field (email address), index.php, id_email, (368, 42), (560, 263)		)</a> <!-- method navigator-link -->
                      </span>
                      <br/>
                      <span>
                        <img width="3%" src="failed.png"/>
                        <a href="#" class="method navigator-link" panel-name="suite-Default_suite" title="core.ElementsValidationTest" hash-for-method="test(Confirmation Button (Back), confirmation.php, id_back_button, (120, 37), (986, 491)		)">test(Confirmation Button (Back), confirmation.php, id_back_button, (120, 37), (986, 491)		)</a> <!-- method navigator-link -->
                      </span>
                      <br/>
                      <span>
                        <img width="3%" src="failed.png"/>
                        <a href="#" class="method navigator-link" panel-name="suite-Default_suite" title="core.ElementsValidationTest" hash-for-method="test(Confirmation Label (phone number), confirmation.php, id_f_label_phone_conf, (143, 25), (986, 233)		)">test(Confirmation Label (phone number), confirmation.php, id_f_label_phone_conf, (143, 25), (986, 233)		)</a> <!-- method navigator-link -->
                      </span>
                      <br/>
                      <span>
                        <img width="3%" src="failed.png"/>
                        <a href="#" class="method navigator-link" panel-name="suite-Default_suite" title="core.ElementsValidationTest" hash-for-method="test(Confirmation Label (email address), confirmation.php, id_f_label_email_conf, (138, 25), (561, 233)		)">test(Confirmation Label (email address), confirmation.php, id_f_label_email_conf, (138, 25), (561, 233)		)</a> <!-- method navigator-link -->
                      </span>
                      <br/>
                      <span>
                        <img width="3%" src="failed.png"/>
                        <a href="#" class="method navigator-link" panel-name="suite-Default_suite" title="core.ElementsValidationTest" hash-for-method="test(Label (email address), index.php, id_f_label_ea, (138, 25), (560, 233)		)">test(Label (email address), index.php, id_f_label_ea, (138, 25), (560, 233)		)</a> <!-- method navigator-link -->
                      </span>
                      <br/>
                      <span>
                        <img width="3%" src="failed.png"/>
                        <a href="#" class="method navigator-link" panel-name="suite-Default_suite" title="core.ElementsValidationTest" hash-for-method="test(Confirmation Label (state), confirmation.php, id_f_label_state_conf, (50, 25), (986, 313)		)">test(Confirmation Label (state), confirmation.php, id_f_label_state_conf, (50, 25), (986, 313)		)</a> <!-- method navigator-link -->
                      </span>
                      <br/>
                      <span>
                        <img width="3%" src="failed.png"/>
                        <a href="#" class="method navigator-link" panel-name="suite-Default_suite" title="core.ElementsValidationTest" hash-for-method="test(Page title (Confirmation), confirmation.php, id_f_title, (249, 46), (560, 84)		)">test(Page title (Confirmation), confirmation.php, id_f_title, (249, 46), (560, 84)		)</a> <!-- method navigator-link -->
                      </span>
                      <br/>
                      <span>
                        <img width="3%" src="failed.png"/>
                        <a href="#" class="method navigator-link" panel-name="suite-Default_suite" title="core.ElementsValidationTest" hash-for-method="test(Confirmation Field (terms), confirmation.php, id_terms_conf, (10, 42), (561, 426)		)">test(Confirmation Field (terms), confirmation.php, id_terms_conf, (10, 42), (561, 426)		)</a> <!-- method navigator-link -->
                      </span>
                      <br/>
                      <span>
                        <img width="3%" src="failed.png"/>
                        <a href="#" class="method navigator-link" panel-name="suite-Default_suite" title="core.ElementsValidationTest" hash-for-method="test(Dynamic text (temperature), index.php, id_temperature, (70, 42), (1264, 92)		)">test(Dynamic text (temperature), index.php, id_temperature, (70, 42), (1264, 92)		)</a> <!-- method navigator-link -->
                      </span>
                      <br/>
                      <span>
                        <img width="3%" src="failed.png"/>
                        <a href="#" class="method navigator-link" panel-name="suite-Default_suite" title="core.ElementsValidationTest" hash-for-method="test(Radio Button (male), index.php, id_g_radio_01, (26, 26), (571, 353)		)">test(Radio Button (male), index.php, id_g_radio_01, (26, 26), (571, 353)		)</a> <!-- method navigator-link -->
                      </span>
                      <br/>
                      <span>
                        <img width="3%" src="failed.png"/>
                        <a href="#" class="method navigator-link" panel-name="suite-Default_suite" title="core.ElementsValidationTest" hash-for-method="test(Button (Submit), index.php, id_submit_button, (118, 37), (1241, 493)		)">test(Button (Submit), index.php, id_submit_button, (118, 37), (1241, 493)		)</a> <!-- method navigator-link -->
                      </span>
                      <br/>
                      <span>
                        <img width="3%" src="failed.png"/>
                        <a href="#" class="method navigator-link" panel-name="suite-Default_suite" title="core.ElementsValidationTest" hash-for-method="test(Label (state), index.php, id_f_label_s, (50, 25), (985, 312)		)">test(Label (state), index.php, id_f_label_s, (50, 25), (985, 312)		)</a> <!-- method navigator-link -->
                      </span>
                      <br/>
                      <span>
                        <img width="3%" src="failed.png"/>
                        <a href="#" class="method navigator-link" panel-name="suite-Default_suite" title="core.ElementsValidationTest" hash-for-method="test(Image (flickr), index.php, id_img_flickr, (60, 60), (698, 477)		)">test(Image (flickr), index.php, id_img_flickr, (60, 60), (698, 477)		)</a> <!-- method navigator-link -->
                      </span>
                      <br/>
                      <span>
                        <img width="3%" src="failed.png"/>
                        <a href="#" class="method navigator-link" panel-name="suite-Default_suite" title="core.ElementsValidationTest" hash-for-method="test(Radio Button (female), index.php, id_g_radio_02, (26, 26), (751, 353)		)">test(Radio Button (female), index.php, id_g_radio_02, (26, 26), (751, 353)		)</a> <!-- method navigator-link -->
                      </span>
                      <br/>
                      <span>
                        <img width="3%" src="failed.png"/>
                        <a href="#" class="method navigator-link" panel-name="suite-Default_suite" title="core.ElementsValidationTest" hash-for-method="test(Confirmation Label (Terms?), confirmation.php, id_f_label_terms_conf, (72, 25), (561, 393)		)">test(Confirmation Label (Terms?), confirmation.php, id_f_label_terms_conf, (72, 25), (561, 393)		)</a> <!-- method navigator-link -->
                      </span>
                      <br/>
                      <span>
                        <img width="3%" src="failed.png"/>
                        <a href="#" class="method navigator-link" panel-name="suite-Default_suite" title="core.ElementsValidationTest" hash-for-method="test(Label (first name), index.php, id_f_label_fn, (104, 25), (560, 153)		)">test(Label (first name), index.php, id_f_label_fn, (104, 25), (560, 153)		)</a> <!-- method navigator-link -->
                      </span>
                      <br/>
                      <span>
                        <img width="3%" src="failed.png"/>
                        <a href="#" class="method navigator-link" panel-name="suite-Default_suite" title="core.ElementsValidationTest" hash-for-method="test(Confirmation Field (phone number), confirmation.php, id_phone_conf, (10, 42), (986, 266)		)">test(Confirmation Field (phone number), confirmation.php, id_phone_conf, (10, 42), (986, 266)		)</a> <!-- method navigator-link -->
                      </span>
                      <br/>
                      <span>
                        <img width="3%" src="failed.png"/>
                        <a href="#" class="method navigator-link" panel-name="suite-Default_suite" title="core.ElementsValidationTest" hash-for-method="test(Button (Reset), index.php, id_reset_button, (104, 37), (986, 493)		)">test(Button (Reset), index.php, id_reset_button, (104, 37), (986, 493)		)</a> <!-- method navigator-link -->
                      </span>
                      <br/>
                      <span>
                        <img width="3%" src="failed.png"/>
                        <a href="#" class="method navigator-link" panel-name="suite-Default_suite" title="core.ElementsValidationTest" hash-for-method="test(Confirmation Field (state), confirmation.php, id_state_conf, (10, 42), (986, 346)		)">test(Confirmation Field (state), confirmation.php, id_state_conf, (10, 42), (986, 346)		)</a> <!-- method navigator-link -->
                      </span>
                      <br/>
                      <span>
                        <img width="3%" src="failed.png"/>
                        <a href="#" class="method navigator-link" panel-name="suite-Default_suite" title="core.ElementsValidationTest" hash-for-method="test(Dynamic text (os &amp; browser), index.php, os_browser, (310, 24), (1075, 550)		)">test(Dynamic text (os & browser), index.php, os_browser, (310, 24), (1075, 550)		)</a> <!-- method navigator-link -->
                      </span>
                      <br/>
                      <span>
                        <img width="3%" src="failed.png"/>
                        <a href="#" class="method navigator-link" panel-name="suite-Default_suite" title="core.ElementsValidationTest" hash-for-method="test(Confirmation Label (last name), confirmation.php, id_f_label_ln_conf, (103, 25), (986, 153)		)">test(Confirmation Label (last name), confirmation.php, id_f_label_ln_conf, (103, 25), (986, 153)		)</a> <!-- method navigator-link -->
                      </span>
                      <br/>
                      <span>
                        <img width="3%" src="failed.png"/>
                        <a href="#" class="method navigator-link" panel-name="suite-Default_suite" title="core.ElementsValidationTest" hash-for-method="test(Image (weather icon), index.php, id_weather_icon, (50, 50), (1203, 98)		)">test(Image (weather icon), index.php, id_weather_icon, (50, 50), (1203, 98)		)</a> <!-- method navigator-link -->
                      </span>
                      <br/>
                      <span>
                        <img width="3%" src="failed.png"/>
                        <a href="#" class="method navigator-link" panel-name="suite-Default_suite" title="core.ElementsValidationTest" hash-for-method="test(Field (first name), index.php, id_fname, (368, 42), (560, 183)		)">test(Field (first name), index.php, id_fname, (368, 42), (560, 183)		)</a> <!-- method navigator-link -->
                      </span>
                      <br/>
                      <span>
                        <img width="3%" src="failed.png"/>
                        <a href="#" class="method navigator-link" panel-name="suite-Default_suite" title="core.ElementsValidationTest" hash-for-method="test(Checkbox (terms), index.php, id_checkbox, (26, 26), (560, 419)		)">test(Checkbox (terms), index.php, id_checkbox, (26, 26), (560, 419)		)</a> <!-- method navigator-link -->
                      </span>
                      <br/>
                      <span>
                        <img width="3%" src="failed.png"/>
                        <a href="#" class="method navigator-link" panel-name="suite-Default_suite" title="core.ElementsValidationTest" hash-for-method="test(Image (facebook), index.php, id_img_facebook, (60, 60), (560, 477))		)">test(Image (facebook), index.php, id_img_facebook, (60, 60), (560, 477))		)</a> <!-- method navigator-link -->
                      </span>
                      <br/>
                      <span>
                        <img width="3%" src="failed.png"/>
                        <a href="#" class="method navigator-link" panel-name="suite-Default_suite" title="core.ElementsValidationTest" hash-for-method="test(Dynamic text (todayâ€™s date), index.php, timestamp, (290, 24), (535, 550)		)">test(Dynamic text (todayâ€™s date), index.php, timestamp, (290, 24), (535, 550)		)</a> <!-- method navigator-link -->
                      </span>
                      <br/>
                    </div> <!-- method-list-content failed suite-Default_suite -->
                  </li>
                  <li>
                    <span class="method-list-title passed">Passed methods</span>
                    <span class="show-or-hide-methods passed">
                      <a href="#" panel-name="suite-Default_suite" class="hide-methods passed suite-Default_suite"> (hide)</a> <!-- hide-methods passed suite-Default_suite -->
                      <a href="#" panel-name="suite-Default_suite" class="show-methods passed suite-Default_suite"> (show)</a> <!-- show-methods passed suite-Default_suite -->
                    </span>
                    <div class="method-list-content passed suite-Default_suite">
                      <span>
                        <img width="3%" src="passed.png"/>
                        <a href="#" class="method navigator-link" panel-name="suite-Default_suite" title="core.ElementsValidationTest" hash-for-method="test(Dynamic text (quote), index.php, id_quotes, (1904, 20), (8, 48))">test(Dynamic text (quote), index.php, id_quotes, (1904, 20), (8, 48))</a> <!-- method navigator-link -->
                      </span>
                      <br/>
                      <span>
                        <img width="3%" src="passed.png"/>
                        <a href="#" class="method navigator-link" panel-name="suite-Default_suite" title="core.ElementsValidationTest" hash-for-method="test(Page title (Sing Up), index.php, id_f_title, (151, 46), (560, 86))">test(Page title (Sing Up), index.php, id_f_title, (151, 46), (560, 86))</a> <!-- method navigator-link -->
                      </span>
                      <br/>
                      <span>
                        <img width="3%" src="passed.png"/>
                        <a href="#" class="method navigator-link" panel-name="suite-Default_suite" title="core.ElementsValidationTest" hash-for-method="test(text (current location), index.php, id_current_location, (178, 25), (1156, 70))">test(text (current location), index.php, id_current_location, (178, 25), (1156, 70))</a> <!-- method navigator-link -->
                      </span>
                      <br/>
                    </div> <!-- method-list-content passed suite-Default_suite -->
                  </li>
                </ul>
              </div> <!-- suite-section-content -->
            </div> <!-- result-section -->
          </div> <!-- navigator-suite-content -->
        </div> <!-- rounded-window -->
      </div> <!-- suite -->
    </div> <!-- navigator-root -->
    <div class="wrapper">
      <div class="main-panel-root">
        <div panel-name="suite-Default_suite" class="panel Default_suite">
          <div class="suite-Default_suite-class-failed">
            <div class="main-panel-header rounded-window-top">
              <img src="failed.png"/>
              <span class="class-name">core.ElementsValidationTest</span>
            </div> <!-- main-panel-header rounded-window-top -->
            <div class="main-panel-content rounded-window-bottom">
              <div class="method">
                <div class="method-content">
                  <a name="test(Confirmation Field (gender), confirmation.php, id_gender_conf, (10, 42), (561, 346)		)">
                  </a> <!-- test(Confirmation Field (gender), confirmation.php, id_gender_conf, (10, 42), (561, 346)		) -->
                  <span class="method-name">test</span>
                  <span class="parameters">(Confirmation Field (gender), confirmation.php, id_gender_conf, (10, 42), (561, 346)		)</span>
                  <div class="stack-trace">java.lang.AssertionError: 
Expected: &quot;(561, 346)\t\t&quot;
     but: was &quot;(561, 346)&quot;
	at org.hamcrest.MatcherAssert.assertThat(MatcherAssert.java:20)
	at org.hamcrest.MatcherAssert.assertThat(MatcherAssert.java:8)
	at core.ElementsValidationTest.test(ElementsValidationTest.java:60)
	at sun.reflect.GeneratedMethodAccessor5.invoke(Unknown Source)
	at sun.reflect.DelegatingMethodAccessorImpl.invoke(DelegatingMethodAccessorImpl.java:43)
	at java.lang.reflect.Method.invoke(Method.java:498)
	at org.testng.internal.MethodInvocationHelper.invokeMethod(MethodInvocationHelper.java:104)
	at org.testng.internal.Invoker.invokeMethod(Invoker.java:645)
	at org.testng.internal.Invoker.invokeTestMethod(Invoker.java:851)
	at org.testng.internal.Invoker.invokeTestMethods(Invoker.java:1177)
	at org.testng.internal.TestMethodWorker.invokeTestMethods(TestMethodWorker.java:129)
	at org.testng.internal.TestMethodWorker.run(TestMethodWorker.java:112)
	at org.testng.TestRunner.privateRun(TestRunner.java:756)
	at org.testng.TestRunner.run(TestRunner.java:610)
	at org.testng.SuiteRunner.runTest(SuiteRunner.java:387)
	at org.testng.SuiteRunner.runSequentially(SuiteRunner.java:382)
	at org.testng.SuiteRunner.privateRun(SuiteRunner.java:340)
	at org.testng.SuiteRunner.run(SuiteRunner.java:289)
	at org.testng.SuiteRunnerWorker.runSuite(SuiteRunnerWorker.java:52)
	at org.testng.SuiteRunnerWorker.run(SuiteRunnerWorker.java:86)
	at org.testng.TestNG.runSuitesSequentially(TestNG.java:1293)
	at org.testng.TestNG.runSuitesLocally(TestNG.java:1218)
	at org.testng.TestNG.runSuites(TestNG.java:1133)
	at org.testng.TestNG.run(TestNG.java:1104)
	at org.testng.remote.AbstractRemoteTestNG.run(AbstractRemoteTestNG.java:132)
	at org.testng.remote.RemoteTestNG.initAndRun(RemoteTestNG.java:236)
	at org.testng.remote.RemoteTestNG.main(RemoteTestNG.java:81)

</div> <!-- stack-trace -->
                </div> <!-- method-content -->
              </div> <!-- method -->
              <div class="method">
                <div class="method-content">
                  <a name="test(Label (radio female), index.php, id_r_label_f, (66, 23), (792, 354)		)">
                  </a> <!-- test(Label (radio female), index.php, id_r_label_f, (66, 23), (792, 354)		) -->
                  <span class="method-name">test</span>
                  <span class="parameters">(Label (radio female), index.php, id_r_label_f, (66, 23), (792, 354)		)</span>
                  <div class="stack-trace">java.lang.AssertionError: 
Expected: &quot;(792, 354)\t\t&quot;
     but: was &quot;(792, 354)&quot;
	at org.hamcrest.MatcherAssert.assertThat(MatcherAssert.java:20)
	at org.hamcrest.MatcherAssert.assertThat(MatcherAssert.java:8)
	at core.ElementsValidationTest.test(ElementsValidationTest.java:60)
	at sun.reflect.NativeMethodAccessorImpl.invoke0(Native Method)
	at sun.reflect.NativeMethodAccessorImpl.invoke(NativeMethodAccessorImpl.java:62)
	at sun.reflect.DelegatingMethodAccessorImpl.invoke(DelegatingMethodAccessorImpl.java:43)
	at java.lang.reflect.Method.invoke(Method.java:498)
	at org.testng.internal.MethodInvocationHelper.invokeMethod(MethodInvocationHelper.java:104)
	at org.testng.internal.Invoker.invokeMethod(Invoker.java:645)
	at org.testng.internal.Invoker.invokeTestMethod(Invoker.java:851)
	at org.testng.internal.Invoker.invokeTestMethods(Invoker.java:1177)
	at org.testng.internal.TestMethodWorker.invokeTestMethods(TestMethodWorker.java:129)
	at org.testng.internal.TestMethodWorker.run(TestMethodWorker.java:112)
	at org.testng.TestRunner.privateRun(TestRunner.java:756)
	at org.testng.TestRunner.run(TestRunner.java:610)
	at org.testng.SuiteRunner.runTest(SuiteRunner.java:387)
	at org.testng.SuiteRunner.runSequentially(SuiteRunner.java:382)
	at org.testng.SuiteRunner.privateRun(SuiteRunner.java:340)
	at org.testng.SuiteRunner.run(SuiteRunner.java:289)
	at org.testng.SuiteRunnerWorker.runSuite(SuiteRunnerWorker.java:52)
	at org.testng.SuiteRunnerWorker.run(SuiteRunnerWorker.java:86)
	at org.testng.TestNG.runSuitesSequentially(TestNG.java:1293)
	at org.testng.TestNG.runSuitesLocally(TestNG.java:1218)
	at org.testng.TestNG.runSuites(TestNG.java:1133)
	at org.testng.TestNG.run(TestNG.java:1104)
	at org.testng.remote.AbstractRemoteTestNG.run(AbstractRemoteTestNG.java:132)
	at org.testng.remote.RemoteTestNG.initAndRun(RemoteTestNG.java:236)
	at org.testng.remote.RemoteTestNG.main(RemoteTestNG.java:81)

</div> <!-- stack-trace -->
                </div> <!-- method-content -->
              </div> <!-- method -->
              <div class="method">
                <div class="method-content">
                  <a name="test(Drop-down List (state), index.php, id_state, (345, 44), (985, 342)		)">
                  </a> <!-- test(Drop-down List (state), index.php, id_state, (345, 44), (985, 342)		) -->
                  <span class="method-name">test</span>
                  <span class="parameters">(Drop-down List (state), index.php, id_state, (345, 44), (985, 342)		)</span>
                  <div class="stack-trace">java.lang.AssertionError: 
Expected: &quot;(985, 342)\t\t&quot;
     but: was &quot;(985, 342)&quot;
	at org.hamcrest.MatcherAssert.assertThat(MatcherAssert.java:20)
	at org.hamcrest.MatcherAssert.assertThat(MatcherAssert.java:8)
	at core.ElementsValidationTest.test(ElementsValidationTest.java:60)
	at sun.reflect.GeneratedMethodAccessor5.invoke(Unknown Source)
	at sun.reflect.DelegatingMethodAccessorImpl.invoke(DelegatingMethodAccessorImpl.java:43)
	at java.lang.reflect.Method.invoke(Method.java:498)
	at org.testng.internal.MethodInvocationHelper.invokeMethod(MethodInvocationHelper.java:104)
	at org.testng.internal.Invoker.invokeMethod(Invoker.java:645)
	at org.testng.internal.Invoker.invokeTestMethod(Invoker.java:851)
	at org.testng.internal.Invoker.invokeTestMethods(Invoker.java:1177)
	at org.testng.internal.TestMethodWorker.invokeTestMethods(TestMethodWorker.java:129)
	at org.testng.internal.TestMethodWorker.run(TestMethodWorker.java:112)
	at org.testng.TestRunner.privateRun(TestRunner.java:756)
	at org.testng.TestRunner.run(TestRunner.java:610)
	at org.testng.SuiteRunner.runTest(SuiteRunner.java:387)
	at org.testng.SuiteRunner.runSequentially(SuiteRunner.java:382)
	at org.testng.SuiteRunner.privateRun(SuiteRunner.java:340)
	at org.testng.SuiteRunner.run(SuiteRunner.java:289)
	at org.testng.SuiteRunnerWorker.runSuite(SuiteRunnerWorker.java:52)
	at org.testng.SuiteRunnerWorker.run(SuiteRunnerWorker.java:86)
	at org.testng.TestNG.runSuitesSequentially(TestNG.java:1293)
	at org.testng.TestNG.runSuitesLocally(TestNG.java:1218)
	at org.testng.TestNG.runSuites(TestNG.java:1133)
	at org.testng.TestNG.run(TestNG.java:1104)
	at org.testng.remote.AbstractRemoteTestNG.run(AbstractRemoteTestNG.java:132)
	at org.testng.remote.RemoteTestNG.initAndRun(RemoteTestNG.java:236)
	at org.testng.remote.RemoteTestNG.main(RemoteTestNG.java:81)

</div> <!-- stack-trace -->
                </div> <!-- method-content -->
              </div> <!-- method -->
              <div class="method">
                <div class="method-content">
                  <a name="test(Label (radio male), index.php, id_r_label_m, (43, 23), (612, 354)		)">
                  </a> <!-- test(Label (radio male), index.php, id_r_label_m, (43, 23), (612, 354)		) -->
                  <span class="method-name">test</span>
                  <span class="parameters">(Label (radio male), index.php, id_r_label_m, (43, 23), (612, 354)		)</span>
                  <div class="stack-trace">java.lang.AssertionError: 
Expected: &quot;(612, 354)\t\t&quot;
     but: was &quot;(612, 354)&quot;
	at org.hamcrest.MatcherAssert.assertThat(MatcherAssert.java:20)
	at org.hamcrest.MatcherAssert.assertThat(MatcherAssert.java:8)
	at core.ElementsValidationTest.test(ElementsValidationTest.java:60)
	at sun.reflect.NativeMethodAccessorImpl.invoke0(Native Method)
	at sun.reflect.NativeMethodAccessorImpl.invoke(NativeMethodAccessorImpl.java:62)
	at sun.reflect.DelegatingMethodAccessorImpl.invoke(DelegatingMethodAccessorImpl.java:43)
	at java.lang.reflect.Method.invoke(Method.java:498)
	at org.testng.internal.MethodInvocationHelper.invokeMethod(MethodInvocationHelper.java:104)
	at org.testng.internal.Invoker.invokeMethod(Invoker.java:645)
	at org.testng.internal.Invoker.invokeTestMethod(Invoker.java:851)
	at org.testng.internal.Invoker.invokeTestMethods(Invoker.java:1177)
	at org.testng.internal.TestMethodWorker.invokeTestMethods(TestMethodWorker.java:129)
	at org.testng.internal.TestMethodWorker.run(TestMethodWorker.java:112)
	at org.testng.TestRunner.privateRun(TestRunner.java:756)
	at org.testng.TestRunner.run(TestRunner.java:610)
	at org.testng.SuiteRunner.runTest(SuiteRunner.java:387)
	at org.testng.SuiteRunner.runSequentially(SuiteRunner.java:382)
	at org.testng.SuiteRunner.privateRun(SuiteRunner.java:340)
	at org.testng.SuiteRunner.run(SuiteRunner.java:289)
	at org.testng.SuiteRunnerWorker.runSuite(SuiteRunnerWorker.java:52)
	at org.testng.SuiteRunnerWorker.run(SuiteRunnerWorker.java:86)
	at org.testng.TestNG.runSuitesSequentially(TestNG.java:1293)
	at org.testng.TestNG.runSuitesLocally(TestNG.java:1218)
	at org.testng.TestNG.runSuites(TestNG.java:1133)
	at org.testng.TestNG.run(TestNG.java:1104)
	at org.testng.remote.AbstractRemoteTestNG.run(AbstractRemoteTestNG.java:132)
	at org.testng.remote.RemoteTestNG.initAndRun(RemoteTestNG.java:236)
	at org.testng.remote.RemoteTestNG.main(RemoteTestNG.java:81)

</div> <!-- stack-trace -->
                </div> <!-- method-content -->
              </div> <!-- method -->
              <div class="method">
                <div class="method-content">
                  <a name="test(Confirmation Field (first name), confirmation.php, id_fname_conf, (10, 42), (561, 186)		)">
                  </a> <!-- test(Confirmation Field (first name), confirmation.php, id_fname_conf, (10, 42), (561, 186)		) -->
                  <span class="method-name">test</span>
                  <span class="parameters">(Confirmation Field (first name), confirmation.php, id_fname_conf, (10, 42), (561, 186)		)</span>
                  <div class="stack-trace">java.lang.AssertionError: 
Expected: &quot;(561, 186)\t\t&quot;
     but: was &quot;(561, 186)&quot;
	at org.hamcrest.MatcherAssert.assertThat(MatcherAssert.java:20)
	at org.hamcrest.MatcherAssert.assertThat(MatcherAssert.java:8)
	at core.ElementsValidationTest.test(ElementsValidationTest.java:60)
	at sun.reflect.GeneratedMethodAccessor5.invoke(Unknown Source)
	at sun.reflect.DelegatingMethodAccessorImpl.invoke(DelegatingMethodAccessorImpl.java:43)
	at java.lang.reflect.Method.invoke(Method.java:498)
	at org.testng.internal.MethodInvocationHelper.invokeMethod(MethodInvocationHelper.java:104)
	at org.testng.internal.Invoker.invokeMethod(Invoker.java:645)
	at org.testng.internal.Invoker.invokeTestMethod(Invoker.java:851)
	at org.testng.internal.Invoker.invokeTestMethods(Invoker.java:1177)
	at org.testng.internal.TestMethodWorker.invokeTestMethods(TestMethodWorker.java:129)
	at org.testng.internal.TestMethodWorker.run(TestMethodWorker.java:112)
	at org.testng.TestRunner.privateRun(TestRunner.java:756)
	at org.testng.TestRunner.run(TestRunner.java:610)
	at org.testng.SuiteRunner.runTest(SuiteRunner.java:387)
	at org.testng.SuiteRunner.runSequentially(SuiteRunner.java:382)
	at org.testng.SuiteRunner.privateRun(SuiteRunner.java:340)
	at org.testng.SuiteRunner.run(SuiteRunner.java:289)
	at org.testng.SuiteRunnerWorker.runSuite(SuiteRunnerWorker.java:52)
	at org.testng.SuiteRunnerWorker.run(SuiteRunnerWorker.java:86)
	at org.testng.TestNG.runSuitesSequentially(TestNG.java:1293)
	at org.testng.TestNG.runSuitesLocally(TestNG.java:1218)
	at org.testng.TestNG.runSuites(TestNG.java:1133)
	at org.testng.TestNG.run(TestNG.java:1104)
	at org.testng.remote.AbstractRemoteTestNG.run(AbstractRemoteTestNG.java:132)
	at org.testng.remote.RemoteTestNG.initAndRun(RemoteTestNG.java:236)
	at org.testng.remote.RemoteTestNG.main(RemoteTestNG.java:81)

</div> <!-- stack-trace -->
                </div> <!-- method-content -->
              </div> <!-- method -->
              <div class="method">
                <div class="method-content">
                  <a name="test(Field (phone number), index.php, id_phone, (368, 42), (985, 263)		)">
                  </a> <!-- test(Field (phone number), index.php, id_phone, (368, 42), (985, 263)		) -->
                  <span class="method-name">test</span>
                  <span class="parameters">(Field (phone number), index.php, id_phone, (368, 42), (985, 263)		)</span>
                  <div class="stack-trace">java.lang.AssertionError: 
Expected: &quot;(985, 263)\t\t&quot;
     but: was &quot;(985, 263)&quot;
	at org.hamcrest.MatcherAssert.assertThat(MatcherAssert.java:20)
	at org.hamcrest.MatcherAssert.assertThat(MatcherAssert.java:8)
	at core.ElementsValidationTest.test(ElementsValidationTest.java:60)
	at sun.reflect.NativeMethodAccessorImpl.invoke0(Native Method)
	at sun.reflect.NativeMethodAccessorImpl.invoke(NativeMethodAccessorImpl.java:62)
	at sun.reflect.DelegatingMethodAccessorImpl.invoke(DelegatingMethodAccessorImpl.java:43)
	at java.lang.reflect.Method.invoke(Method.java:498)
	at org.testng.internal.MethodInvocationHelper.invokeMethod(MethodInvocationHelper.java:104)
	at org.testng.internal.Invoker.invokeMethod(Invoker.java:645)
	at org.testng.internal.Invoker.invokeTestMethod(Invoker.java:851)
	at org.testng.internal.Invoker.invokeTestMethods(Invoker.java:1177)
	at org.testng.internal.TestMethodWorker.invokeTestMethods(TestMethodWorker.java:129)
	at org.testng.internal.TestMethodWorker.run(TestMethodWorker.java:112)
	at org.testng.TestRunner.privateRun(TestRunner.java:756)
	at org.testng.TestRunner.run(TestRunner.java:610)
	at org.testng.SuiteRunner.runTest(SuiteRunner.java:387)
	at org.testng.SuiteRunner.runSequentially(SuiteRunner.java:382)
	at org.testng.SuiteRunner.privateRun(SuiteRunner.java:340)
	at org.testng.SuiteRunner.run(SuiteRunner.java:289)
	at org.testng.SuiteRunnerWorker.runSuite(SuiteRunnerWorker.java:52)
	at org.testng.SuiteRunnerWorker.run(SuiteRunnerWorker.java:86)
	at org.testng.TestNG.runSuitesSequentially(TestNG.java:1293)
	at org.testng.TestNG.runSuitesLocally(TestNG.java:1218)
	at org.testng.TestNG.runSuites(TestNG.java:1133)
	at org.testng.TestNG.run(TestNG.java:1104)
	at org.testng.remote.AbstractRemoteTestNG.run(AbstractRemoteTestNG.java:132)
	at org.testng.remote.RemoteTestNG.initAndRun(RemoteTestNG.java:236)
	at org.testng.remote.RemoteTestNG.main(RemoteTestNG.java:81)

</div> <!-- stack-trace -->
                </div> <!-- method-content -->
              </div> <!-- method -->
              <div class="method">
                <div class="method-content">
                  <a name="test(Label (phone number), index.php, id_f_label_pn, (143, 25), (985, 233)		)">
                  </a> <!-- test(Label (phone number), index.php, id_f_label_pn, (143, 25), (985, 233)		) -->
                  <span class="method-name">test</span>
                  <span class="parameters">(Label (phone number), index.php, id_f_label_pn, (143, 25), (985, 233)		)</span>
                  <div class="stack-trace">java.lang.AssertionError: 
Expected: &quot;(985, 233)\t\t&quot;
     but: was &quot;(985, 233)&quot;
	at org.hamcrest.MatcherAssert.assertThat(MatcherAssert.java:20)
	at org.hamcrest.MatcherAssert.assertThat(MatcherAssert.java:8)
	at core.ElementsValidationTest.test(ElementsValidationTest.java:60)
	at sun.reflect.NativeMethodAccessorImpl.invoke0(Native Method)
	at sun.reflect.NativeMethodAccessorImpl.invoke(NativeMethodAccessorImpl.java:62)
	at sun.reflect.DelegatingMethodAccessorImpl.invoke(DelegatingMethodAccessorImpl.java:43)
	at java.lang.reflect.Method.invoke(Method.java:498)
	at org.testng.internal.MethodInvocationHelper.invokeMethod(MethodInvocationHelper.java:104)
	at org.testng.internal.Invoker.invokeMethod(Invoker.java:645)
	at org.testng.internal.Invoker.invokeTestMethod(Invoker.java:851)
	at org.testng.internal.Invoker.invokeTestMethods(Invoker.java:1177)
	at org.testng.internal.TestMethodWorker.invokeTestMethods(TestMethodWorker.java:129)
	at org.testng.internal.TestMethodWorker.run(TestMethodWorker.java:112)
	at org.testng.TestRunner.privateRun(TestRunner.java:756)
	at org.testng.TestRunner.run(TestRunner.java:610)
	at org.testng.SuiteRunner.runTest(SuiteRunner.java:387)
	at org.testng.SuiteRunner.runSequentially(SuiteRunner.java:382)
	at org.testng.SuiteRunner.privateRun(SuiteRunner.java:340)
	at org.testng.SuiteRunner.run(SuiteRunner.java:289)
	at org.testng.SuiteRunnerWorker.runSuite(SuiteRunnerWorker.java:52)
	at org.testng.SuiteRunnerWorker.run(SuiteRunnerWorker.java:86)
	at org.testng.TestNG.runSuitesSequentially(TestNG.java:1293)
	at org.testng.TestNG.runSuitesLocally(TestNG.java:1218)
	at org.testng.TestNG.runSuites(TestNG.java:1133)
	at org.testng.TestNG.run(TestNG.java:1104)
	at org.testng.remote.AbstractRemoteTestNG.run(AbstractRemoteTestNG.java:132)
	at org.testng.remote.RemoteTestNG.initAndRun(RemoteTestNG.java:236)
	at org.testng.remote.RemoteTestNG.main(RemoteTestNG.java:81)

</div> <!-- stack-trace -->
                </div> <!-- method-content -->
              </div> <!-- method -->
              <div class="method">
                <div class="method-content">
                  <a name="test(Label (last name), index.php, id_f_label_ln, (103, 25), (985, 153)		)">
                  </a> <!-- test(Label (last name), index.php, id_f_label_ln, (103, 25), (985, 153)		) -->
                  <span class="method-name">test</span>
                  <span class="parameters">(Label (last name), index.php, id_f_label_ln, (103, 25), (985, 153)		)</span>
                  <div class="stack-trace">java.lang.AssertionError: 
Expected: &quot;(985, 153)\t\t&quot;
     but: was &quot;(985, 153)&quot;
	at org.hamcrest.MatcherAssert.assertThat(MatcherAssert.java:20)
	at org.hamcrest.MatcherAssert.assertThat(MatcherAssert.java:8)
	at core.ElementsValidationTest.test(ElementsValidationTest.java:60)
	at sun.reflect.NativeMethodAccessorImpl.invoke0(Native Method)
	at sun.reflect.NativeMethodAccessorImpl.invoke(NativeMethodAccessorImpl.java:62)
	at sun.reflect.DelegatingMethodAccessorImpl.invoke(DelegatingMethodAccessorImpl.java:43)
	at java.lang.reflect.Method.invoke(Method.java:498)
	at org.testng.internal.MethodInvocationHelper.invokeMethod(MethodInvocationHelper.java:104)
	at org.testng.internal.Invoker.invokeMethod(Invoker.java:645)
	at org.testng.internal.Invoker.invokeTestMethod(Invoker.java:851)
	at org.testng.internal.Invoker.invokeTestMethods(Invoker.java:1177)
	at org.testng.internal.TestMethodWorker.invokeTestMethods(TestMethodWorker.java:129)
	at org.testng.internal.TestMethodWorker.run(TestMethodWorker.java:112)
	at org.testng.TestRunner.privateRun(TestRunner.java:756)
	at org.testng.TestRunner.run(TestRunner.java:610)
	at org.testng.SuiteRunner.runTest(SuiteRunner.java:387)
	at org.testng.SuiteRunner.runSequentially(SuiteRunner.java:382)
	at org.testng.SuiteRunner.privateRun(SuiteRunner.java:340)
	at org.testng.SuiteRunner.run(SuiteRunner.java:289)
	at org.testng.SuiteRunnerWorker.runSuite(SuiteRunnerWorker.java:52)
	at org.testng.SuiteRunnerWorker.run(SuiteRunnerWorker.java:86)
	at org.testng.TestNG.runSuitesSequentially(TestNG.java:1293)
	at org.testng.TestNG.runSuitesLocally(TestNG.java:1218)
	at org.testng.TestNG.runSuites(TestNG.java:1133)
	at org.testng.TestNG.run(TestNG.java:1104)
	at org.testng.remote.AbstractRemoteTestNG.run(AbstractRemoteTestNG.java:132)
	at org.testng.remote.RemoteTestNG.initAndRun(RemoteTestNG.java:236)
	at org.testng.remote.RemoteTestNG.main(RemoteTestNG.java:81)

</div> <!-- stack-trace -->
                </div> <!-- method-content -->
              </div> <!-- method -->
              <div class="method">
                <div class="method-content">
                  <a name="test(Confirmation Label (gender), confirmation.php, id_f_label_gender_conf, (71, 25), (561, 313)		)">
                  </a> <!-- test(Confirmation Label (gender), confirmation.php, id_f_label_gender_conf, (71, 25), (561, 313)		) -->
                  <span class="method-name">test</span>
                  <span class="parameters">(Confirmation Label (gender), confirmation.php, id_f_label_gender_conf, (71, 25), (561, 313)		)</span>
                  <div class="stack-trace">java.lang.AssertionError: 
Expected: &quot;(561, 313)\t\t&quot;
     but: was &quot;(561, 313)&quot;
	at org.hamcrest.MatcherAssert.assertThat(MatcherAssert.java:20)
	at org.hamcrest.MatcherAssert.assertThat(MatcherAssert.java:8)
	at core.ElementsValidationTest.test(ElementsValidationTest.java:60)
	at sun.reflect.GeneratedMethodAccessor5.invoke(Unknown Source)
	at sun.reflect.DelegatingMethodAccessorImpl.invoke(DelegatingMethodAccessorImpl.java:43)
	at java.lang.reflect.Method.invoke(Method.java:498)
	at org.testng.internal.MethodInvocationHelper.invokeMethod(MethodInvocationHelper.java:104)
	at org.testng.internal.Invoker.invokeMethod(Invoker.java:645)
	at org.testng.internal.Invoker.invokeTestMethod(Invoker.java:851)
	at org.testng.internal.Invoker.invokeTestMethods(Invoker.java:1177)
	at org.testng.internal.TestMethodWorker.invokeTestMethods(TestMethodWorker.java:129)
	at org.testng.internal.TestMethodWorker.run(TestMethodWorker.java:112)
	at org.testng.TestRunner.privateRun(TestRunner.java:756)
	at org.testng.TestRunner.run(TestRunner.java:610)
	at org.testng.SuiteRunner.runTest(SuiteRunner.java:387)
	at org.testng.SuiteRunner.runSequentially(SuiteRunner.java:382)
	at org.testng.SuiteRunner.privateRun(SuiteRunner.java:340)
	at org.testng.SuiteRunner.run(SuiteRunner.java:289)
	at org.testng.SuiteRunnerWorker.runSuite(SuiteRunnerWorker.java:52)
	at org.testng.SuiteRunnerWorker.run(SuiteRunnerWorker.java:86)
	at org.testng.TestNG.runSuitesSequentially(TestNG.java:1293)
	at org.testng.TestNG.runSuitesLocally(TestNG.java:1218)
	at org.testng.TestNG.runSuites(TestNG.java:1133)
	at org.testng.TestNG.run(TestNG.java:1104)
	at org.testng.remote.AbstractRemoteTestNG.run(AbstractRemoteTestNG.java:132)
	at org.testng.remote.RemoteTestNG.initAndRun(RemoteTestNG.java:236)
	at org.testng.remote.RemoteTestNG.main(RemoteTestNG.java:81)

</div> <!-- stack-trace -->
                </div> <!-- method-content -->
              </div> <!-- method -->
              <div class="method">
                <div class="method-content">
                  <a name="test(Confirmation Field (email address), confirmation.php, id_email_conf, (10, 42), (561, 266)		)">
                  </a> <!-- test(Confirmation Field (email address), confirmation.php, id_email_conf, (10, 42), (561, 266)		) -->
                  <span class="method-name">test</span>
                  <span class="parameters">(Confirmation Field (email address), confirmation.php, id_email_conf, (10, 42), (561, 266)		)</span>
                  <div class="stack-trace">java.lang.AssertionError: 
Expected: &quot;(561, 266)\t\t&quot;
     but: was &quot;(561, 266)&quot;
	at org.hamcrest.MatcherAssert.assertThat(MatcherAssert.java:20)
	at org.hamcrest.MatcherAssert.assertThat(MatcherAssert.java:8)
	at core.ElementsValidationTest.test(ElementsValidationTest.java:60)
	at sun.reflect.GeneratedMethodAccessor5.invoke(Unknown Source)
	at sun.reflect.DelegatingMethodAccessorImpl.invoke(DelegatingMethodAccessorImpl.java:43)
	at java.lang.reflect.Method.invoke(Method.java:498)
	at org.testng.internal.MethodInvocationHelper.invokeMethod(MethodInvocationHelper.java:104)
	at org.testng.internal.Invoker.invokeMethod(Invoker.java:645)
	at org.testng.internal.Invoker.invokeTestMethod(Invoker.java:851)
	at org.testng.internal.Invoker.invokeTestMethods(Invoker.java:1177)
	at org.testng.internal.TestMethodWorker.invokeTestMethods(TestMethodWorker.java:129)
	at org.testng.internal.TestMethodWorker.run(TestMethodWorker.java:112)
	at org.testng.TestRunner.privateRun(TestRunner.java:756)
	at org.testng.TestRunner.run(TestRunner.java:610)
	at org.testng.SuiteRunner.runTest(SuiteRunner.java:387)
	at org.testng.SuiteRunner.runSequentially(SuiteRunner.java:382)
	at org.testng.SuiteRunner.privateRun(SuiteRunner.java:340)
	at org.testng.SuiteRunner.run(SuiteRunner.java:289)
	at org.testng.SuiteRunnerWorker.runSuite(SuiteRunnerWorker.java:52)
	at org.testng.SuiteRunnerWorker.run(SuiteRunnerWorker.java:86)
	at org.testng.TestNG.runSuitesSequentially(TestNG.java:1293)
	at org.testng.TestNG.runSuitesLocally(TestNG.java:1218)
	at org.testng.TestNG.runSuites(TestNG.java:1133)
	at org.testng.TestNG.run(TestNG.java:1104)
	at org.testng.remote.AbstractRemoteTestNG.run(AbstractRemoteTestNG.java:132)
	at org.testng.remote.RemoteTestNG.initAndRun(RemoteTestNG.java:236)
	at org.testng.remote.RemoteTestNG.main(RemoteTestNG.java:81)

</div> <!-- stack-trace -->
                </div> <!-- method-content -->
              </div> <!-- method -->
              <div class="method">
                <div class="method-content">
                  <a name="test(Image (twitter), index.php, id_img_twitter, (60, 60), (629, 477)		)">
                  </a> <!-- test(Image (twitter), index.php, id_img_twitter, (60, 60), (629, 477)		) -->
                  <span class="method-name">test</span>
                  <span class="parameters">(Image (twitter), index.php, id_img_twitter, (60, 60), (629, 477)		)</span>
                  <div class="stack-trace">java.lang.AssertionError: 
Expected: &quot;(629, 477)\t\t&quot;
     but: was &quot;(629, 477)&quot;
	at org.hamcrest.MatcherAssert.assertThat(MatcherAssert.java:20)
	at org.hamcrest.MatcherAssert.assertThat(MatcherAssert.java:8)
	at core.ElementsValidationTest.test(ElementsValidationTest.java:60)
	at sun.reflect.GeneratedMethodAccessor5.invoke(Unknown Source)
	at sun.reflect.DelegatingMethodAccessorImpl.invoke(DelegatingMethodAccessorImpl.java:43)
	at java.lang.reflect.Method.invoke(Method.java:498)
	at org.testng.internal.MethodInvocationHelper.invokeMethod(MethodInvocationHelper.java:104)
	at org.testng.internal.Invoker.invokeMethod(Invoker.java:645)
	at org.testng.internal.Invoker.invokeTestMethod(Invoker.java:851)
	at org.testng.internal.Invoker.invokeTestMethods(Invoker.java:1177)
	at org.testng.internal.TestMethodWorker.invokeTestMethods(TestMethodWorker.java:129)
	at org.testng.internal.TestMethodWorker.run(TestMethodWorker.java:112)
	at org.testng.TestRunner.privateRun(TestRunner.java:756)
	at org.testng.TestRunner.run(TestRunner.java:610)
	at org.testng.SuiteRunner.runTest(SuiteRunner.java:387)
	at org.testng.SuiteRunner.runSequentially(SuiteRunner.java:382)
	at org.testng.SuiteRunner.privateRun(SuiteRunner.java:340)
	at org.testng.SuiteRunner.run(SuiteRunner.java:289)
	at org.testng.SuiteRunnerWorker.runSuite(SuiteRunnerWorker.java:52)
	at org.testng.SuiteRunnerWorker.run(SuiteRunnerWorker.java:86)
	at org.testng.TestNG.runSuitesSequentially(TestNG.java:1293)
	at org.testng.TestNG.runSuitesLocally(TestNG.java:1218)
	at org.testng.TestNG.runSuites(TestNG.java:1133)
	at org.testng.TestNG.run(TestNG.java:1104)
	at org.testng.remote.AbstractRemoteTestNG.run(AbstractRemoteTestNG.java:132)
	at org.testng.remote.RemoteTestNG.initAndRun(RemoteTestNG.java:236)
	at org.testng.remote.RemoteTestNG.main(RemoteTestNG.java:81)

</div> <!-- stack-trace -->
                </div> <!-- method-content -->
              </div> <!-- method -->
              <div class="method">
                <div class="method-content">
                  <a name="test(Label (I agree to the Terms), index.php, id_cb_label, (234, 29), (555, 555)		)">
                  </a> <!-- test(Label (I agree to the Terms), index.php, id_cb_label, (234, 29), (555, 555)		) -->
                  <span class="method-name">test</span>
                  <span class="parameters">(Label (I agree to the Terms), index.php, id_cb_label, (234, 29), (555, 555)		)</span>
                  <div class="stack-trace">java.lang.AssertionError: 
Expected: &quot;(555, 555)\t\t&quot;
     but: was &quot;(604, 414)&quot;
	at org.hamcrest.MatcherAssert.assertThat(MatcherAssert.java:20)
	at org.hamcrest.MatcherAssert.assertThat(MatcherAssert.java:8)
	at core.ElementsValidationTest.test(ElementsValidationTest.java:60)
	at sun.reflect.GeneratedMethodAccessor5.invoke(Unknown Source)
	at sun.reflect.DelegatingMethodAccessorImpl.invoke(DelegatingMethodAccessorImpl.java:43)
	at java.lang.reflect.Method.invoke(Method.java:498)
	at org.testng.internal.MethodInvocationHelper.invokeMethod(MethodInvocationHelper.java:104)
	at org.testng.internal.Invoker.invokeMethod(Invoker.java:645)
	at org.testng.internal.Invoker.invokeTestMethod(Invoker.java:851)
	at org.testng.internal.Invoker.invokeTestMethods(Invoker.java:1177)
	at org.testng.internal.TestMethodWorker.invokeTestMethods(TestMethodWorker.java:129)
	at org.testng.internal.TestMethodWorker.run(TestMethodWorker.java:112)
	at org.testng.TestRunner.privateRun(TestRunner.java:756)
	at org.testng.TestRunner.run(TestRunner.java:610)
	at org.testng.SuiteRunner.runTest(SuiteRunner.java:387)
	at org.testng.SuiteRunner.runSequentially(SuiteRunner.java:382)
	at org.testng.SuiteRunner.privateRun(SuiteRunner.java:340)
	at org.testng.SuiteRunner.run(SuiteRunner.java:289)
	at org.testng.SuiteRunnerWorker.runSuite(SuiteRunnerWorker.java:52)
	at org.testng.SuiteRunnerWorker.run(SuiteRunnerWorker.java:86)
	at org.testng.TestNG.runSuitesSequentially(TestNG.java:1293)
	at org.testng.TestNG.runSuitesLocally(TestNG.java:1218)
	at org.testng.TestNG.runSuites(TestNG.java:1133)
	at org.testng.TestNG.run(TestNG.java:1104)
	at org.testng.remote.AbstractRemoteTestNG.run(AbstractRemoteTestNG.java:132)
	at org.testng.remote.RemoteTestNG.initAndRun(RemoteTestNG.java:236)
	at org.testng.remote.RemoteTestNG.main(RemoteTestNG.java:81)

</div> <!-- stack-trace -->
                </div> <!-- method-content -->
              </div> <!-- method -->
              <div class="method">
                <div class="method-content">
                  <a name="test(Image (youtube), index.php, id_img_youtube, (60, 60), (767, 477)		)">
                  </a> <!-- test(Image (youtube), index.php, id_img_youtube, (60, 60), (767, 477)		) -->
                  <span class="method-name">test</span>
                  <span class="parameters">(Image (youtube), index.php, id_img_youtube, (60, 60), (767, 477)		)</span>
                  <div class="stack-trace">java.lang.AssertionError: 
Expected: &quot;(767, 477)\t\t&quot;
     but: was &quot;(767, 477)&quot;
	at org.hamcrest.MatcherAssert.assertThat(MatcherAssert.java:20)
	at org.hamcrest.MatcherAssert.assertThat(MatcherAssert.java:8)
	at core.ElementsValidationTest.test(ElementsValidationTest.java:60)
	at sun.reflect.GeneratedMethodAccessor5.invoke(Unknown Source)
	at sun.reflect.DelegatingMethodAccessorImpl.invoke(DelegatingMethodAccessorImpl.java:43)
	at java.lang.reflect.Method.invoke(Method.java:498)
	at org.testng.internal.MethodInvocationHelper.invokeMethod(MethodInvocationHelper.java:104)
	at org.testng.internal.Invoker.invokeMethod(Invoker.java:645)
	at org.testng.internal.Invoker.invokeTestMethod(Invoker.java:851)
	at org.testng.internal.Invoker.invokeTestMethods(Invoker.java:1177)
	at org.testng.internal.TestMethodWorker.invokeTestMethods(TestMethodWorker.java:129)
	at org.testng.internal.TestMethodWorker.run(TestMethodWorker.java:112)
	at org.testng.TestRunner.privateRun(TestRunner.java:756)
	at org.testng.TestRunner.run(TestRunner.java:610)
	at org.testng.SuiteRunner.runTest(SuiteRunner.java:387)
	at org.testng.SuiteRunner.runSequentially(SuiteRunner.java:382)
	at org.testng.SuiteRunner.privateRun(SuiteRunner.java:340)
	at org.testng.SuiteRunner.run(SuiteRunner.java:289)
	at org.testng.SuiteRunnerWorker.runSuite(SuiteRunnerWorker.java:52)
	at org.testng.SuiteRunnerWorker.run(SuiteRunnerWorker.java:86)
	at org.testng.TestNG.runSuitesSequentially(TestNG.java:1293)
	at org.testng.TestNG.runSuitesLocally(TestNG.java:1218)
	at org.testng.TestNG.runSuites(TestNG.java:1133)
	at org.testng.TestNG.run(TestNG.java:1104)
	at org.testng.remote.AbstractRemoteTestNG.run(AbstractRemoteTestNG.java:132)
	at org.testng.remote.RemoteTestNG.initAndRun(RemoteTestNG.java:236)
	at org.testng.remote.RemoteTestNG.main(RemoteTestNG.java:81)

</div> <!-- stack-trace -->
                </div> <!-- method-content -->
              </div> <!-- method -->
              <div class="method">
                <div class="method-content">
                  <a name="test(Confirmation Field (last name), confirmation.php, id_lname_conf, (10, 42), (986, 186)		)">
                  </a> <!-- test(Confirmation Field (last name), confirmation.php, id_lname_conf, (10, 42), (986, 186)		) -->
                  <span class="method-name">test</span>
                  <span class="parameters">(Confirmation Field (last name), confirmation.php, id_lname_conf, (10, 42), (986, 186)		)</span>
                  <div class="stack-trace">java.lang.AssertionError: 
Expected: &quot;(986, 186)\t\t&quot;
     but: was &quot;(986, 186)&quot;
	at org.hamcrest.MatcherAssert.assertThat(MatcherAssert.java:20)
	at org.hamcrest.MatcherAssert.assertThat(MatcherAssert.java:8)
	at core.ElementsValidationTest.test(ElementsValidationTest.java:60)
	at sun.reflect.GeneratedMethodAccessor5.invoke(Unknown Source)
	at sun.reflect.DelegatingMethodAccessorImpl.invoke(DelegatingMethodAccessorImpl.java:43)
	at java.lang.reflect.Method.invoke(Method.java:498)
	at org.testng.internal.MethodInvocationHelper.invokeMethod(MethodInvocationHelper.java:104)
	at org.testng.internal.Invoker.invokeMethod(Invoker.java:645)
	at org.testng.internal.Invoker.invokeTestMethod(Invoker.java:851)
	at org.testng.internal.Invoker.invokeTestMethods(Invoker.java:1177)
	at org.testng.internal.TestMethodWorker.invokeTestMethods(TestMethodWorker.java:129)
	at org.testng.internal.TestMethodWorker.run(TestMethodWorker.java:112)
	at org.testng.TestRunner.privateRun(TestRunner.java:756)
	at org.testng.TestRunner.run(TestRunner.java:610)
	at org.testng.SuiteRunner.runTest(SuiteRunner.java:387)
	at org.testng.SuiteRunner.runSequentially(SuiteRunner.java:382)
	at org.testng.SuiteRunner.privateRun(SuiteRunner.java:340)
	at org.testng.SuiteRunner.run(SuiteRunner.java:289)
	at org.testng.SuiteRunnerWorker.runSuite(SuiteRunnerWorker.java:52)
	at org.testng.SuiteRunnerWorker.run(SuiteRunnerWorker.java:86)
	at org.testng.TestNG.runSuitesSequentially(TestNG.java:1293)
	at org.testng.TestNG.runSuitesLocally(TestNG.java:1218)
	at org.testng.TestNG.runSuites(TestNG.java:1133)
	at org.testng.TestNG.run(TestNG.java:1104)
	at org.testng.remote.AbstractRemoteTestNG.run(AbstractRemoteTestNG.java:132)
	at org.testng.remote.RemoteTestNG.initAndRun(RemoteTestNG.java:236)
	at org.testng.remote.RemoteTestNG.main(RemoteTestNG.java:81)

</div> <!-- stack-trace -->
                </div> <!-- method-content -->
              </div> <!-- method -->
              <div class="method">
                <div class="method-content">
                  <a name="test(Field (last name), index.php, id_lname, (368, 42), (985, 183)	)">
                  </a> <!-- test(Field (last name), index.php, id_lname, (368, 42), (985, 183)	) -->
                  <span class="method-name">test</span>
                  <span class="parameters">(Field (last name), index.php, id_lname, (368, 42), (985, 183)	)</span>
                  <div class="stack-trace">java.lang.AssertionError: 
Expected: &quot;(985, 183)\t&quot;
     but: was &quot;(985, 183)&quot;
	at org.hamcrest.MatcherAssert.assertThat(MatcherAssert.java:20)
	at org.hamcrest.MatcherAssert.assertThat(MatcherAssert.java:8)
	at core.ElementsValidationTest.test(ElementsValidationTest.java:60)
	at sun.reflect.NativeMethodAccessorImpl.invoke0(Native Method)
	at sun.reflect.NativeMethodAccessorImpl.invoke(NativeMethodAccessorImpl.java:62)
	at sun.reflect.DelegatingMethodAccessorImpl.invoke(DelegatingMethodAccessorImpl.java:43)
	at java.lang.reflect.Method.invoke(Method.java:498)
	at org.testng.internal.MethodInvocationHelper.invokeMethod(MethodInvocationHelper.java:104)
	at org.testng.internal.Invoker.invokeMethod(Invoker.java:645)
	at org.testng.internal.Invoker.invokeTestMethod(Invoker.java:851)
	at org.testng.internal.Invoker.invokeTestMethods(Invoker.java:1177)
	at org.testng.internal.TestMethodWorker.invokeTestMethods(TestMethodWorker.java:129)
	at org.testng.internal.TestMethodWorker.run(TestMethodWorker.java:112)
	at org.testng.TestRunner.privateRun(TestRunner.java:756)
	at org.testng.TestRunner.run(TestRunner.java:610)
	at org.testng.SuiteRunner.runTest(SuiteRunner.java:387)
	at org.testng.SuiteRunner.runSequentially(SuiteRunner.java:382)
	at org.testng.SuiteRunner.privateRun(SuiteRunner.java:340)
	at org.testng.SuiteRunner.run(SuiteRunner.java:289)
	at org.testng.SuiteRunnerWorker.runSuite(SuiteRunnerWorker.java:52)
	at org.testng.SuiteRunnerWorker.run(SuiteRunnerWorker.java:86)
	at org.testng.TestNG.runSuitesSequentially(TestNG.java:1293)
	at org.testng.TestNG.runSuitesLocally(TestNG.java:1218)
	at org.testng.TestNG.runSuites(TestNG.java:1133)
	at org.testng.TestNG.run(TestNG.java:1104)
	at org.testng.remote.AbstractRemoteTestNG.run(AbstractRemoteTestNG.java:132)
	at org.testng.remote.RemoteTestNG.initAndRun(RemoteTestNG.java:236)
	at org.testng.remote.RemoteTestNG.main(RemoteTestNG.java:81)

</div> <!-- stack-trace -->
                </div> <!-- method-content -->
              </div> <!-- method -->
              <div class="method">
                <div class="method-content">
                  <a name="test(Dynamic text (copyright), index.php, copyright, (250, 24), (825, 550)		)">
                  </a> <!-- test(Dynamic text (copyright), index.php, copyright, (250, 24), (825, 550)		) -->
                  <span class="method-name">test</span>
                  <span class="parameters">(Dynamic text (copyright), index.php, copyright, (250, 24), (825, 550)		)</span>
                  <div class="stack-trace">java.lang.AssertionError: 
Expected: &quot;(825, 550)\t\t&quot;
     but: was &quot;(825, 550)&quot;
	at org.hamcrest.MatcherAssert.assertThat(MatcherAssert.java:20)
	at org.hamcrest.MatcherAssert.assertThat(MatcherAssert.java:8)
	at core.ElementsValidationTest.test(ElementsValidationTest.java:60)
	at sun.reflect.GeneratedMethodAccessor5.invoke(Unknown Source)
	at sun.reflect.DelegatingMethodAccessorImpl.invoke(DelegatingMethodAccessorImpl.java:43)
	at java.lang.reflect.Method.invoke(Method.java:498)
	at org.testng.internal.MethodInvocationHelper.invokeMethod(MethodInvocationHelper.java:104)
	at org.testng.internal.Invoker.invokeMethod(Invoker.java:645)
	at org.testng.internal.Invoker.invokeTestMethod(Invoker.java:851)
	at org.testng.internal.Invoker.invokeTestMethods(Invoker.java:1177)
	at org.testng.internal.TestMethodWorker.invokeTestMethods(TestMethodWorker.java:129)
	at org.testng.internal.TestMethodWorker.run(TestMethodWorker.java:112)
	at org.testng.TestRunner.privateRun(TestRunner.java:756)
	at org.testng.TestRunner.run(TestRunner.java:610)
	at org.testng.SuiteRunner.runTest(SuiteRunner.java:387)
	at org.testng.SuiteRunner.runSequentially(SuiteRunner.java:382)
	at org.testng.SuiteRunner.privateRun(SuiteRunner.java:340)
	at org.testng.SuiteRunner.run(SuiteRunner.java:289)
	at org.testng.SuiteRunnerWorker.runSuite(SuiteRunnerWorker.java:52)
	at org.testng.SuiteRunnerWorker.run(SuiteRunnerWorker.java:86)
	at org.testng.TestNG.runSuitesSequentially(TestNG.java:1293)
	at org.testng.TestNG.runSuitesLocally(TestNG.java:1218)
	at org.testng.TestNG.runSuites(TestNG.java:1133)
	at org.testng.TestNG.run(TestNG.java:1104)
	at org.testng.remote.AbstractRemoteTestNG.run(AbstractRemoteTestNG.java:132)
	at org.testng.remote.RemoteTestNG.initAndRun(RemoteTestNG.java:236)
	at org.testng.remote.RemoteTestNG.main(RemoteTestNG.java:81)

</div> <!-- stack-trace -->
                </div> <!-- method-content -->
              </div> <!-- method -->
              <div class="method">
                <div class="method-content">
                  <a name="test(Confirmation Label (first name), confirmation.php, id_f_label_fn_conf, (104, 25), (555, 555)		)">
                  </a> <!-- test(Confirmation Label (first name), confirmation.php, id_f_label_fn_conf, (104, 25), (555, 555)		) -->
                  <span class="method-name">test</span>
                  <span class="parameters">(Confirmation Label (first name), confirmation.php, id_f_label_fn_conf, (104, 25), (555, 555)		)</span>
                  <div class="stack-trace">java.lang.AssertionError: 
Expected: &quot;(555, 555)\t\t&quot;
     but: was &quot;(561, 153)&quot;
	at org.hamcrest.MatcherAssert.assertThat(MatcherAssert.java:20)
	at org.hamcrest.MatcherAssert.assertThat(MatcherAssert.java:8)
	at core.ElementsValidationTest.test(ElementsValidationTest.java:60)
	at sun.reflect.GeneratedMethodAccessor5.invoke(Unknown Source)
	at sun.reflect.DelegatingMethodAccessorImpl.invoke(DelegatingMethodAccessorImpl.java:43)
	at java.lang.reflect.Method.invoke(Method.java:498)
	at org.testng.internal.MethodInvocationHelper.invokeMethod(MethodInvocationHelper.java:104)
	at org.testng.internal.Invoker.invokeMethod(Invoker.java:645)
	at org.testng.internal.Invoker.invokeTestMethod(Invoker.java:851)
	at org.testng.internal.Invoker.invokeTestMethods(Invoker.java:1177)
	at org.testng.internal.TestMethodWorker.invokeTestMethods(TestMethodWorker.java:129)
	at org.testng.internal.TestMethodWorker.run(TestMethodWorker.java:112)
	at org.testng.TestRunner.privateRun(TestRunner.java:756)
	at org.testng.TestRunner.run(TestRunner.java:610)
	at org.testng.SuiteRunner.runTest(SuiteRunner.java:387)
	at org.testng.SuiteRunner.runSequentially(SuiteRunner.java:382)
	at org.testng.SuiteRunner.privateRun(SuiteRunner.java:340)
	at org.testng.SuiteRunner.run(SuiteRunner.java:289)
	at org.testng.SuiteRunnerWorker.runSuite(SuiteRunnerWorker.java:52)
	at org.testng.SuiteRunnerWorker.run(SuiteRunnerWorker.java:86)
	at org.testng.TestNG.runSuitesSequentially(TestNG.java:1293)
	at org.testng.TestNG.runSuitesLocally(TestNG.java:1218)
	at org.testng.TestNG.runSuites(TestNG.java:1133)
	at org.testng.TestNG.run(TestNG.java:1104)
	at org.testng.remote.AbstractRemoteTestNG.run(AbstractRemoteTestNG.java:132)
	at org.testng.remote.RemoteTestNG.initAndRun(RemoteTestNG.java:236)
	at org.testng.remote.RemoteTestNG.main(RemoteTestNG.java:81)

</div> <!-- stack-trace -->
                </div> <!-- method-content -->
              </div> <!-- method -->
              <div class="method">
                <div class="method-content">
                  <a name="test(Field (email address), index.php, id_email, (368, 42), (560, 263)		)">
                  </a> <!-- test(Field (email address), index.php, id_email, (368, 42), (560, 263)		) -->
                  <span class="method-name">test</span>
                  <span class="parameters">(Field (email address), index.php, id_email, (368, 42), (560, 263)		)</span>
                  <div class="stack-trace">java.lang.AssertionError: 
Expected: &quot;(560, 263)\t\t&quot;
     but: was &quot;(560, 263)&quot;
	at org.hamcrest.MatcherAssert.assertThat(MatcherAssert.java:20)
	at org.hamcrest.MatcherAssert.assertThat(MatcherAssert.java:8)
	at core.ElementsValidationTest.test(ElementsValidationTest.java:60)
	at sun.reflect.NativeMethodAccessorImpl.invoke0(Native Method)
	at sun.reflect.NativeMethodAccessorImpl.invoke(NativeMethodAccessorImpl.java:62)
	at sun.reflect.DelegatingMethodAccessorImpl.invoke(DelegatingMethodAccessorImpl.java:43)
	at java.lang.reflect.Method.invoke(Method.java:498)
	at org.testng.internal.MethodInvocationHelper.invokeMethod(MethodInvocationHelper.java:104)
	at org.testng.internal.Invoker.invokeMethod(Invoker.java:645)
	at org.testng.internal.Invoker.invokeTestMethod(Invoker.java:851)
	at org.testng.internal.Invoker.invokeTestMethods(Invoker.java:1177)
	at org.testng.internal.TestMethodWorker.invokeTestMethods(TestMethodWorker.java:129)
	at org.testng.internal.TestMethodWorker.run(TestMethodWorker.java:112)
	at org.testng.TestRunner.privateRun(TestRunner.java:756)
	at org.testng.TestRunner.run(TestRunner.java:610)
	at org.testng.SuiteRunner.runTest(SuiteRunner.java:387)
	at org.testng.SuiteRunner.runSequentially(SuiteRunner.java:382)
	at org.testng.SuiteRunner.privateRun(SuiteRunner.java:340)
	at org.testng.SuiteRunner.run(SuiteRunner.java:289)
	at org.testng.SuiteRunnerWorker.runSuite(SuiteRunnerWorker.java:52)
	at org.testng.SuiteRunnerWorker.run(SuiteRunnerWorker.java:86)
	at org.testng.TestNG.runSuitesSequentially(TestNG.java:1293)
	at org.testng.TestNG.runSuitesLocally(TestNG.java:1218)
	at org.testng.TestNG.runSuites(TestNG.java:1133)
	at org.testng.TestNG.run(TestNG.java:1104)
	at org.testng.remote.AbstractRemoteTestNG.run(AbstractRemoteTestNG.java:132)
	at org.testng.remote.RemoteTestNG.initAndRun(RemoteTestNG.java:236)
	at org.testng.remote.RemoteTestNG.main(RemoteTestNG.java:81)

</div> <!-- stack-trace -->
                </div> <!-- method-content -->
              </div> <!-- method -->
              <div class="method">
                <div class="method-content">
                  <a name="test(Confirmation Button (Back), confirmation.php, id_back_button, (120, 37), (986, 491)		)">
                  </a> <!-- test(Confirmation Button (Back), confirmation.php, id_back_button, (120, 37), (986, 491)		) -->
                  <span class="method-name">test</span>
                  <span class="parameters">(Confirmation Button (Back), confirmation.php, id_back_button, (120, 37), (986, 491)		)</span>
                  <div class="stack-trace">java.lang.AssertionError: 
Expected: &quot;(986, 491)\t\t&quot;
     but: was &quot;(986, 491)&quot;
	at org.hamcrest.MatcherAssert.assertThat(MatcherAssert.java:20)
	at org.hamcrest.MatcherAssert.assertThat(MatcherAssert.java:8)
	at core.ElementsValidationTest.test(ElementsValidationTest.java:60)
	at sun.reflect.GeneratedMethodAccessor5.invoke(Unknown Source)
	at sun.reflect.DelegatingMethodAccessorImpl.invoke(DelegatingMethodAccessorImpl.java:43)
	at java.lang.reflect.Method.invoke(Method.java:498)
	at org.testng.internal.MethodInvocationHelper.invokeMethod(MethodInvocationHelper.java:104)
	at org.testng.internal.Invoker.invokeMethod(Invoker.java:645)
	at org.testng.internal.Invoker.invokeTestMethod(Invoker.java:851)
	at org.testng.internal.Invoker.invokeTestMethods(Invoker.java:1177)
	at org.testng.internal.TestMethodWorker.invokeTestMethods(TestMethodWorker.java:129)
	at org.testng.internal.TestMethodWorker.run(TestMethodWorker.java:112)
	at org.testng.TestRunner.privateRun(TestRunner.java:756)
	at org.testng.TestRunner.run(TestRunner.java:610)
	at org.testng.SuiteRunner.runTest(SuiteRunner.java:387)
	at org.testng.SuiteRunner.runSequentially(SuiteRunner.java:382)
	at org.testng.SuiteRunner.privateRun(SuiteRunner.java:340)
	at org.testng.SuiteRunner.run(SuiteRunner.java:289)
	at org.testng.SuiteRunnerWorker.runSuite(SuiteRunnerWorker.java:52)
	at org.testng.SuiteRunnerWorker.run(SuiteRunnerWorker.java:86)
	at org.testng.TestNG.runSuitesSequentially(TestNG.java:1293)
	at org.testng.TestNG.runSuitesLocally(TestNG.java:1218)
	at org.testng.TestNG.runSuites(TestNG.java:1133)
	at org.testng.TestNG.run(TestNG.java:1104)
	at org.testng.remote.AbstractRemoteTestNG.run(AbstractRemoteTestNG.java:132)
	at org.testng.remote.RemoteTestNG.initAndRun(RemoteTestNG.java:236)
	at org.testng.remote.RemoteTestNG.main(RemoteTestNG.java:81)

</div> <!-- stack-trace -->
                </div> <!-- method-content -->
              </div> <!-- method -->
              <div class="method">
                <div class="method-content">
                  <a name="test(Confirmation Label (phone number), confirmation.php, id_f_label_phone_conf, (143, 25), (986, 233)		)">
                  </a> <!-- test(Confirmation Label (phone number), confirmation.php, id_f_label_phone_conf, (143, 25), (986, 233)		) -->
                  <span class="method-name">test</span>
                  <span class="parameters">(Confirmation Label (phone number), confirmation.php, id_f_label_phone_conf, (143, 25), (986, 233)		)</span>
                  <div class="stack-trace">java.lang.AssertionError: 
Expected: &quot;(986, 233)\t\t&quot;
     but: was &quot;(986, 233)&quot;
	at org.hamcrest.MatcherAssert.assertThat(MatcherAssert.java:20)
	at org.hamcrest.MatcherAssert.assertThat(MatcherAssert.java:8)
	at core.ElementsValidationTest.test(ElementsValidationTest.java:60)
	at sun.reflect.GeneratedMethodAccessor5.invoke(Unknown Source)
	at sun.reflect.DelegatingMethodAccessorImpl.invoke(DelegatingMethodAccessorImpl.java:43)
	at java.lang.reflect.Method.invoke(Method.java:498)
	at org.testng.internal.MethodInvocationHelper.invokeMethod(MethodInvocationHelper.java:104)
	at org.testng.internal.Invoker.invokeMethod(Invoker.java:645)
	at org.testng.internal.Invoker.invokeTestMethod(Invoker.java:851)
	at org.testng.internal.Invoker.invokeTestMethods(Invoker.java:1177)
	at org.testng.internal.TestMethodWorker.invokeTestMethods(TestMethodWorker.java:129)
	at org.testng.internal.TestMethodWorker.run(TestMethodWorker.java:112)
	at org.testng.TestRunner.privateRun(TestRunner.java:756)
	at org.testng.TestRunner.run(TestRunner.java:610)
	at org.testng.SuiteRunner.runTest(SuiteRunner.java:387)
	at org.testng.SuiteRunner.runSequentially(SuiteRunner.java:382)
	at org.testng.SuiteRunner.privateRun(SuiteRunner.java:340)
	at org.testng.SuiteRunner.run(SuiteRunner.java:289)
	at org.testng.SuiteRunnerWorker.runSuite(SuiteRunnerWorker.java:52)
	at org.testng.SuiteRunnerWorker.run(SuiteRunnerWorker.java:86)
	at org.testng.TestNG.runSuitesSequentially(TestNG.java:1293)
	at org.testng.TestNG.runSuitesLocally(TestNG.java:1218)
	at org.testng.TestNG.runSuites(TestNG.java:1133)
	at org.testng.TestNG.run(TestNG.java:1104)
	at org.testng.remote.AbstractRemoteTestNG.run(AbstractRemoteTestNG.java:132)
	at org.testng.remote.RemoteTestNG.initAndRun(RemoteTestNG.java:236)
	at org.testng.remote.RemoteTestNG.main(RemoteTestNG.java:81)

</div> <!-- stack-trace -->
                </div> <!-- method-content -->
              </div> <!-- method -->
              <div class="method">
                <div class="method-content">
                  <a name="test(Confirmation Label (email address), confirmation.php, id_f_label_email_conf, (138, 25), (561, 233)		)">
                  </a> <!-- test(Confirmation Label (email address), confirmation.php, id_f_label_email_conf, (138, 25), (561, 233)		) -->
                  <span class="method-name">test</span>
                  <span class="parameters">(Confirmation Label (email address), confirmation.php, id_f_label_email_conf, (138, 25), (561, 233)		)</span>
                  <div class="stack-trace">java.lang.AssertionError: 
Expected: &quot;(561, 233)\t\t&quot;
     but: was &quot;(561, 233)&quot;
	at org.hamcrest.MatcherAssert.assertThat(MatcherAssert.java:20)
	at org.hamcrest.MatcherAssert.assertThat(MatcherAssert.java:8)
	at core.ElementsValidationTest.test(ElementsValidationTest.java:60)
	at sun.reflect.GeneratedMethodAccessor5.invoke(Unknown Source)
	at sun.reflect.DelegatingMethodAccessorImpl.invoke(DelegatingMethodAccessorImpl.java:43)
	at java.lang.reflect.Method.invoke(Method.java:498)
	at org.testng.internal.MethodInvocationHelper.invokeMethod(MethodInvocationHelper.java:104)
	at org.testng.internal.Invoker.invokeMethod(Invoker.java:645)
	at org.testng.internal.Invoker.invokeTestMethod(Invoker.java:851)
	at org.testng.internal.Invoker.invokeTestMethods(Invoker.java:1177)
	at org.testng.internal.TestMethodWorker.invokeTestMethods(TestMethodWorker.java:129)
	at org.testng.internal.TestMethodWorker.run(TestMethodWorker.java:112)
	at org.testng.TestRunner.privateRun(TestRunner.java:756)
	at org.testng.TestRunner.run(TestRunner.java:610)
	at org.testng.SuiteRunner.runTest(SuiteRunner.java:387)
	at org.testng.SuiteRunner.runSequentially(SuiteRunner.java:382)
	at org.testng.SuiteRunner.privateRun(SuiteRunner.java:340)
	at org.testng.SuiteRunner.run(SuiteRunner.java:289)
	at org.testng.SuiteRunnerWorker.runSuite(SuiteRunnerWorker.java:52)
	at org.testng.SuiteRunnerWorker.run(SuiteRunnerWorker.java:86)
	at org.testng.TestNG.runSuitesSequentially(TestNG.java:1293)
	at org.testng.TestNG.runSuitesLocally(TestNG.java:1218)
	at org.testng.TestNG.runSuites(TestNG.java:1133)
	at org.testng.TestNG.run(TestNG.java:1104)
	at org.testng.remote.AbstractRemoteTestNG.run(AbstractRemoteTestNG.java:132)
	at org.testng.remote.RemoteTestNG.initAndRun(RemoteTestNG.java:236)
	at org.testng.remote.RemoteTestNG.main(RemoteTestNG.java:81)

</div> <!-- stack-trace -->
                </div> <!-- method-content -->
              </div> <!-- method -->
              <div class="method">
                <div class="method-content">
                  <a name="test(Label (email address), index.php, id_f_label_ea, (138, 25), (560, 233)		)">
                  </a> <!-- test(Label (email address), index.php, id_f_label_ea, (138, 25), (560, 233)		) -->
                  <span class="method-name">test</span>
                  <span class="parameters">(Label (email address), index.php, id_f_label_ea, (138, 25), (560, 233)		)</span>
                  <div class="stack-trace">java.lang.AssertionError: 
Expected: &quot;(560, 233)\t\t&quot;
     but: was &quot;(560, 233)&quot;
	at org.hamcrest.MatcherAssert.assertThat(MatcherAssert.java:20)
	at org.hamcrest.MatcherAssert.assertThat(MatcherAssert.java:8)
	at core.ElementsValidationTest.test(ElementsValidationTest.java:60)
	at sun.reflect.NativeMethodAccessorImpl.invoke0(Native Method)
	at sun.reflect.NativeMethodAccessorImpl.invoke(NativeMethodAccessorImpl.java:62)
	at sun.reflect.DelegatingMethodAccessorImpl.invoke(DelegatingMethodAccessorImpl.java:43)
	at java.lang.reflect.Method.invoke(Method.java:498)
	at org.testng.internal.MethodInvocationHelper.invokeMethod(MethodInvocationHelper.java:104)
	at org.testng.internal.Invoker.invokeMethod(Invoker.java:645)
	at org.testng.internal.Invoker.invokeTestMethod(Invoker.java:851)
	at org.testng.internal.Invoker.invokeTestMethods(Invoker.java:1177)
	at org.testng.internal.TestMethodWorker.invokeTestMethods(TestMethodWorker.java:129)
	at org.testng.internal.TestMethodWorker.run(TestMethodWorker.java:112)
	at org.testng.TestRunner.privateRun(TestRunner.java:756)
	at org.testng.TestRunner.run(TestRunner.java:610)
	at org.testng.SuiteRunner.runTest(SuiteRunner.java:387)
	at org.testng.SuiteRunner.runSequentially(SuiteRunner.java:382)
	at org.testng.SuiteRunner.privateRun(SuiteRunner.java:340)
	at org.testng.SuiteRunner.run(SuiteRunner.java:289)
	at org.testng.SuiteRunnerWorker.runSuite(SuiteRunnerWorker.java:52)
	at org.testng.SuiteRunnerWorker.run(SuiteRunnerWorker.java:86)
	at org.testng.TestNG.runSuitesSequentially(TestNG.java:1293)
	at org.testng.TestNG.runSuitesLocally(TestNG.java:1218)
	at org.testng.TestNG.runSuites(TestNG.java:1133)
	at org.testng.TestNG.run(TestNG.java:1104)
	at org.testng.remote.AbstractRemoteTestNG.run(AbstractRemoteTestNG.java:132)
	at org.testng.remote.RemoteTestNG.initAndRun(RemoteTestNG.java:236)
	at org.testng.remote.RemoteTestNG.main(RemoteTestNG.java:81)

</div> <!-- stack-trace -->
                </div> <!-- method-content -->
              </div> <!-- method -->
              <div class="method">
                <div class="method-content">
                  <a name="test(Confirmation Label (state), confirmation.php, id_f_label_state_conf, (50, 25), (986, 313)		)">
                  </a> <!-- test(Confirmation Label (state), confirmation.php, id_f_label_state_conf, (50, 25), (986, 313)		) -->
                  <span class="method-name">test</span>
                  <span class="parameters">(Confirmation Label (state), confirmation.php, id_f_label_state_conf, (50, 25), (986, 313)		)</span>
                  <div class="stack-trace">java.lang.AssertionError: 
Expected: &quot;(986, 313)\t\t&quot;
     but: was &quot;(986, 313)&quot;
	at org.hamcrest.MatcherAssert.assertThat(MatcherAssert.java:20)
	at org.hamcrest.MatcherAssert.assertThat(MatcherAssert.java:8)
	at core.ElementsValidationTest.test(ElementsValidationTest.java:60)
	at sun.reflect.GeneratedMethodAccessor5.invoke(Unknown Source)
	at sun.reflect.DelegatingMethodAccessorImpl.invoke(DelegatingMethodAccessorImpl.java:43)
	at java.lang.reflect.Method.invoke(Method.java:498)
	at org.testng.internal.MethodInvocationHelper.invokeMethod(MethodInvocationHelper.java:104)
	at org.testng.internal.Invoker.invokeMethod(Invoker.java:645)
	at org.testng.internal.Invoker.invokeTestMethod(Invoker.java:851)
	at org.testng.internal.Invoker.invokeTestMethods(Invoker.java:1177)
	at org.testng.internal.TestMethodWorker.invokeTestMethods(TestMethodWorker.java:129)
	at org.testng.internal.TestMethodWorker.run(TestMethodWorker.java:112)
	at org.testng.TestRunner.privateRun(TestRunner.java:756)
	at org.testng.TestRunner.run(TestRunner.java:610)
	at org.testng.SuiteRunner.runTest(SuiteRunner.java:387)
	at org.testng.SuiteRunner.runSequentially(SuiteRunner.java:382)
	at org.testng.SuiteRunner.privateRun(SuiteRunner.java:340)
	at org.testng.SuiteRunner.run(SuiteRunner.java:289)
	at org.testng.SuiteRunnerWorker.runSuite(SuiteRunnerWorker.java:52)
	at org.testng.SuiteRunnerWorker.run(SuiteRunnerWorker.java:86)
	at org.testng.TestNG.runSuitesSequentially(TestNG.java:1293)
	at org.testng.TestNG.runSuitesLocally(TestNG.java:1218)
	at org.testng.TestNG.runSuites(TestNG.java:1133)
	at org.testng.TestNG.run(TestNG.java:1104)
	at org.testng.remote.AbstractRemoteTestNG.run(AbstractRemoteTestNG.java:132)
	at org.testng.remote.RemoteTestNG.initAndRun(RemoteTestNG.java:236)
	at org.testng.remote.RemoteTestNG.main(RemoteTestNG.java:81)

</div> <!-- stack-trace -->
                </div> <!-- method-content -->
              </div> <!-- method -->
              <div class="method">
                <div class="method-content">
                  <a name="test(Page title (Confirmation), confirmation.php, id_f_title, (249, 46), (560, 84)		)">
                  </a> <!-- test(Page title (Confirmation), confirmation.php, id_f_title, (249, 46), (560, 84)		) -->
                  <span class="method-name">test</span>
                  <span class="parameters">(Page title (Confirmation), confirmation.php, id_f_title, (249, 46), (560, 84)		)</span>
                  <div class="stack-trace">java.lang.AssertionError: 
Expected: &quot;(560, 84)\t\t&quot;
     but: was &quot;(560, 84)&quot;
	at org.hamcrest.MatcherAssert.assertThat(MatcherAssert.java:20)
	at org.hamcrest.MatcherAssert.assertThat(MatcherAssert.java:8)
	at core.ElementsValidationTest.test(ElementsValidationTest.java:60)
	at sun.reflect.GeneratedMethodAccessor5.invoke(Unknown Source)
	at sun.reflect.DelegatingMethodAccessorImpl.invoke(DelegatingMethodAccessorImpl.java:43)
	at java.lang.reflect.Method.invoke(Method.java:498)
	at org.testng.internal.MethodInvocationHelper.invokeMethod(MethodInvocationHelper.java:104)
	at org.testng.internal.Invoker.invokeMethod(Invoker.java:645)
	at org.testng.internal.Invoker.invokeTestMethod(Invoker.java:851)
	at org.testng.internal.Invoker.invokeTestMethods(Invoker.java:1177)
	at org.testng.internal.TestMethodWorker.invokeTestMethods(TestMethodWorker.java:129)
	at org.testng.internal.TestMethodWorker.run(TestMethodWorker.java:112)
	at org.testng.TestRunner.privateRun(TestRunner.java:756)
	at org.testng.TestRunner.run(TestRunner.java:610)
	at org.testng.SuiteRunner.runTest(SuiteRunner.java:387)
	at org.testng.SuiteRunner.runSequentially(SuiteRunner.java:382)
	at org.testng.SuiteRunner.privateRun(SuiteRunner.java:340)
	at org.testng.SuiteRunner.run(SuiteRunner.java:289)
	at org.testng.SuiteRunnerWorker.runSuite(SuiteRunnerWorker.java:52)
	at org.testng.SuiteRunnerWorker.run(SuiteRunnerWorker.java:86)
	at org.testng.TestNG.runSuitesSequentially(TestNG.java:1293)
	at org.testng.TestNG.runSuitesLocally(TestNG.java:1218)
	at org.testng.TestNG.runSuites(TestNG.java:1133)
	at org.testng.TestNG.run(TestNG.java:1104)
	at org.testng.remote.AbstractRemoteTestNG.run(AbstractRemoteTestNG.java:132)
	at org.testng.remote.RemoteTestNG.initAndRun(RemoteTestNG.java:236)
	at org.testng.remote.RemoteTestNG.main(RemoteTestNG.java:81)

</div> <!-- stack-trace -->
                </div> <!-- method-content -->
              </div> <!-- method -->
              <div class="method">
                <div class="method-content">
                  <a name="test(Confirmation Field (terms), confirmation.php, id_terms_conf, (10, 42), (561, 426)		)">
                  </a> <!-- test(Confirmation Field (terms), confirmation.php, id_terms_conf, (10, 42), (561, 426)		) -->
                  <span class="method-name">test</span>
                  <span class="parameters">(Confirmation Field (terms), confirmation.php, id_terms_conf, (10, 42), (561, 426)		)</span>
                  <div class="stack-trace">java.lang.AssertionError: 
Expected: &quot;(561, 426)\t\t&quot;
     but: was &quot;(561, 426)&quot;
	at org.hamcrest.MatcherAssert.assertThat(MatcherAssert.java:20)
	at org.hamcrest.MatcherAssert.assertThat(MatcherAssert.java:8)
	at core.ElementsValidationTest.test(ElementsValidationTest.java:60)
	at sun.reflect.GeneratedMethodAccessor5.invoke(Unknown Source)
	at sun.reflect.DelegatingMethodAccessorImpl.invoke(DelegatingMethodAccessorImpl.java:43)
	at java.lang.reflect.Method.invoke(Method.java:498)
	at org.testng.internal.MethodInvocationHelper.invokeMethod(MethodInvocationHelper.java:104)
	at org.testng.internal.Invoker.invokeMethod(Invoker.java:645)
	at org.testng.internal.Invoker.invokeTestMethod(Invoker.java:851)
	at org.testng.internal.Invoker.invokeTestMethods(Invoker.java:1177)
	at org.testng.internal.TestMethodWorker.invokeTestMethods(TestMethodWorker.java:129)
	at org.testng.internal.TestMethodWorker.run(TestMethodWorker.java:112)
	at org.testng.TestRunner.privateRun(TestRunner.java:756)
	at org.testng.TestRunner.run(TestRunner.java:610)
	at org.testng.SuiteRunner.runTest(SuiteRunner.java:387)
	at org.testng.SuiteRunner.runSequentially(SuiteRunner.java:382)
	at org.testng.SuiteRunner.privateRun(SuiteRunner.java:340)
	at org.testng.SuiteRunner.run(SuiteRunner.java:289)
	at org.testng.SuiteRunnerWorker.runSuite(SuiteRunnerWorker.java:52)
	at org.testng.SuiteRunnerWorker.run(SuiteRunnerWorker.java:86)
	at org.testng.TestNG.runSuitesSequentially(TestNG.java:1293)
	at org.testng.TestNG.runSuitesLocally(TestNG.java:1218)
	at org.testng.TestNG.runSuites(TestNG.java:1133)
	at org.testng.TestNG.run(TestNG.java:1104)
	at org.testng.remote.AbstractRemoteTestNG.run(AbstractRemoteTestNG.java:132)
	at org.testng.remote.RemoteTestNG.initAndRun(RemoteTestNG.java:236)
	at org.testng.remote.RemoteTestNG.main(RemoteTestNG.java:81)

</div> <!-- stack-trace -->
                </div> <!-- method-content -->
              </div> <!-- method -->
              <div class="method">
                <div class="method-content">
                  <a name="test(Dynamic text (temperature), index.php, id_temperature, (70, 42), (1264, 92)		)">
                  </a> <!-- test(Dynamic text (temperature), index.php, id_temperature, (70, 42), (1264, 92)		) -->
                  <span class="method-name">test</span>
                  <span class="parameters">(Dynamic text (temperature), index.php, id_temperature, (70, 42), (1264, 92)		)</span>
                  <div class="stack-trace">java.lang.AssertionError: 
Expected: &quot;(1264, 92)\t\t&quot;
     but: was &quot;(1264, 92)&quot;
	at org.hamcrest.MatcherAssert.assertThat(MatcherAssert.java:20)
	at org.hamcrest.MatcherAssert.assertThat(MatcherAssert.java:8)
	at core.ElementsValidationTest.test(ElementsValidationTest.java:60)
	at sun.reflect.NativeMethodAccessorImpl.invoke0(Native Method)
	at sun.reflect.NativeMethodAccessorImpl.invoke(NativeMethodAccessorImpl.java:62)
	at sun.reflect.DelegatingMethodAccessorImpl.invoke(DelegatingMethodAccessorImpl.java:43)
	at java.lang.reflect.Method.invoke(Method.java:498)
	at org.testng.internal.MethodInvocationHelper.invokeMethod(MethodInvocationHelper.java:104)
	at org.testng.internal.Invoker.invokeMethod(Invoker.java:645)
	at org.testng.internal.Invoker.invokeTestMethod(Invoker.java:851)
	at org.testng.internal.Invoker.invokeTestMethods(Invoker.java:1177)
	at org.testng.internal.TestMethodWorker.invokeTestMethods(TestMethodWorker.java:129)
	at org.testng.internal.TestMethodWorker.run(TestMethodWorker.java:112)
	at org.testng.TestRunner.privateRun(TestRunner.java:756)
	at org.testng.TestRunner.run(TestRunner.java:610)
	at org.testng.SuiteRunner.runTest(SuiteRunner.java:387)
	at org.testng.SuiteRunner.runSequentially(SuiteRunner.java:382)
	at org.testng.SuiteRunner.privateRun(SuiteRunner.java:340)
	at org.testng.SuiteRunner.run(SuiteRunner.java:289)
	at org.testng.SuiteRunnerWorker.runSuite(SuiteRunnerWorker.java:52)
	at org.testng.SuiteRunnerWorker.run(SuiteRunnerWorker.java:86)
	at org.testng.TestNG.runSuitesSequentially(TestNG.java:1293)
	at org.testng.TestNG.runSuitesLocally(TestNG.java:1218)
	at org.testng.TestNG.runSuites(TestNG.java:1133)
	at org.testng.TestNG.run(TestNG.java:1104)
	at org.testng.remote.AbstractRemoteTestNG.run(AbstractRemoteTestNG.java:132)
	at org.testng.remote.RemoteTestNG.initAndRun(RemoteTestNG.java:236)
	at org.testng.remote.RemoteTestNG.main(RemoteTestNG.java:81)

</div> <!-- stack-trace -->
                </div> <!-- method-content -->
              </div> <!-- method -->
              <div class="method">
                <div class="method-content">
                  <a name="test(Radio Button (male), index.php, id_g_radio_01, (26, 26), (571, 353)		)">
                  </a> <!-- test(Radio Button (male), index.php, id_g_radio_01, (26, 26), (571, 353)		) -->
                  <span class="method-name">test</span>
                  <span class="parameters">(Radio Button (male), index.php, id_g_radio_01, (26, 26), (571, 353)		)</span>
                  <div class="stack-trace">java.lang.AssertionError: 
Expected: &quot;(571, 353)\t\t&quot;
     but: was &quot;(571, 353)&quot;
	at org.hamcrest.MatcherAssert.assertThat(MatcherAssert.java:20)
	at org.hamcrest.MatcherAssert.assertThat(MatcherAssert.java:8)
	at core.ElementsValidationTest.test(ElementsValidationTest.java:60)
	at sun.reflect.NativeMethodAccessorImpl.invoke0(Native Method)
	at sun.reflect.NativeMethodAccessorImpl.invoke(NativeMethodAccessorImpl.java:62)
	at sun.reflect.DelegatingMethodAccessorImpl.invoke(DelegatingMethodAccessorImpl.java:43)
	at java.lang.reflect.Method.invoke(Method.java:498)
	at org.testng.internal.MethodInvocationHelper.invokeMethod(MethodInvocationHelper.java:104)
	at org.testng.internal.Invoker.invokeMethod(Invoker.java:645)
	at org.testng.internal.Invoker.invokeTestMethod(Invoker.java:851)
	at org.testng.internal.Invoker.invokeTestMethods(Invoker.java:1177)
	at org.testng.internal.TestMethodWorker.invokeTestMethods(TestMethodWorker.java:129)
	at org.testng.internal.TestMethodWorker.run(TestMethodWorker.java:112)
	at org.testng.TestRunner.privateRun(TestRunner.java:756)
	at org.testng.TestRunner.run(TestRunner.java:610)
	at org.testng.SuiteRunner.runTest(SuiteRunner.java:387)
	at org.testng.SuiteRunner.runSequentially(SuiteRunner.java:382)
	at org.testng.SuiteRunner.privateRun(SuiteRunner.java:340)
	at org.testng.SuiteRunner.run(SuiteRunner.java:289)
	at org.testng.SuiteRunnerWorker.runSuite(SuiteRunnerWorker.java:52)
	at org.testng.SuiteRunnerWorker.run(SuiteRunnerWorker.java:86)
	at org.testng.TestNG.runSuitesSequentially(TestNG.java:1293)
	at org.testng.TestNG.runSuitesLocally(TestNG.java:1218)
	at org.testng.TestNG.runSuites(TestNG.java:1133)
	at org.testng.TestNG.run(TestNG.java:1104)
	at org.testng.remote.AbstractRemoteTestNG.run(AbstractRemoteTestNG.java:132)
	at org.testng.remote.RemoteTestNG.initAndRun(RemoteTestNG.java:236)
	at org.testng.remote.RemoteTestNG.main(RemoteTestNG.java:81)

</div> <!-- stack-trace -->
                </div> <!-- method-content -->
              </div> <!-- method -->
              <div class="method">
                <div class="method-content">
                  <a name="test(Button (Submit), index.php, id_submit_button, (118, 37), (1241, 493)		)">
                  </a> <!-- test(Button (Submit), index.php, id_submit_button, (118, 37), (1241, 493)		) -->
                  <span class="method-name">test</span>
                  <span class="parameters">(Button (Submit), index.php, id_submit_button, (118, 37), (1241, 493)		)</span>
                  <div class="stack-trace">java.lang.AssertionError: 
Expected: &quot;(1241, 493)\t\t&quot;
     but: was &quot;(1241, 493)&quot;
	at org.hamcrest.MatcherAssert.assertThat(MatcherAssert.java:20)
	at org.hamcrest.MatcherAssert.assertThat(MatcherAssert.java:8)
	at core.ElementsValidationTest.test(ElementsValidationTest.java:60)
	at sun.reflect.GeneratedMethodAccessor5.invoke(Unknown Source)
	at sun.reflect.DelegatingMethodAccessorImpl.invoke(DelegatingMethodAccessorImpl.java:43)
	at java.lang.reflect.Method.invoke(Method.java:498)
	at org.testng.internal.MethodInvocationHelper.invokeMethod(MethodInvocationHelper.java:104)
	at org.testng.internal.Invoker.invokeMethod(Invoker.java:645)
	at org.testng.internal.Invoker.invokeTestMethod(Invoker.java:851)
	at org.testng.internal.Invoker.invokeTestMethods(Invoker.java:1177)
	at org.testng.internal.TestMethodWorker.invokeTestMethods(TestMethodWorker.java:129)
	at org.testng.internal.TestMethodWorker.run(TestMethodWorker.java:112)
	at org.testng.TestRunner.privateRun(TestRunner.java:756)
	at org.testng.TestRunner.run(TestRunner.java:610)
	at org.testng.SuiteRunner.runTest(SuiteRunner.java:387)
	at org.testng.SuiteRunner.runSequentially(SuiteRunner.java:382)
	at org.testng.SuiteRunner.privateRun(SuiteRunner.java:340)
	at org.testng.SuiteRunner.run(SuiteRunner.java:289)
	at org.testng.SuiteRunnerWorker.runSuite(SuiteRunnerWorker.java:52)
	at org.testng.SuiteRunnerWorker.run(SuiteRunnerWorker.java:86)
	at org.testng.TestNG.runSuitesSequentially(TestNG.java:1293)
	at org.testng.TestNG.runSuitesLocally(TestNG.java:1218)
	at org.testng.TestNG.runSuites(TestNG.java:1133)
	at org.testng.TestNG.run(TestNG.java:1104)
	at org.testng.remote.AbstractRemoteTestNG.run(AbstractRemoteTestNG.java:132)
	at org.testng.remote.RemoteTestNG.initAndRun(RemoteTestNG.java:236)
	at org.testng.remote.RemoteTestNG.main(RemoteTestNG.java:81)

</div> <!-- stack-trace -->
                </div> <!-- method-content -->
              </div> <!-- method -->
              <div class="method">
                <div class="method-content">
                  <a name="test(Label (state), index.php, id_f_label_s, (50, 25), (985, 312)		)">
                  </a> <!-- test(Label (state), index.php, id_f_label_s, (50, 25), (985, 312)		) -->
                  <span class="method-name">test</span>
                  <span class="parameters">(Label (state), index.php, id_f_label_s, (50, 25), (985, 312)		)</span>
                  <div class="stack-trace">java.lang.AssertionError: 
Expected: &quot;(985, 312)\t\t&quot;
     but: was &quot;(985, 312)&quot;
	at org.hamcrest.MatcherAssert.assertThat(MatcherAssert.java:20)
	at org.hamcrest.MatcherAssert.assertThat(MatcherAssert.java:8)
	at core.ElementsValidationTest.test(ElementsValidationTest.java:60)
	at sun.reflect.GeneratedMethodAccessor5.invoke(Unknown Source)
	at sun.reflect.DelegatingMethodAccessorImpl.invoke(DelegatingMethodAccessorImpl.java:43)
	at java.lang.reflect.Method.invoke(Method.java:498)
	at org.testng.internal.MethodInvocationHelper.invokeMethod(MethodInvocationHelper.java:104)
	at org.testng.internal.Invoker.invokeMethod(Invoker.java:645)
	at org.testng.internal.Invoker.invokeTestMethod(Invoker.java:851)
	at org.testng.internal.Invoker.invokeTestMethods(Invoker.java:1177)
	at org.testng.internal.TestMethodWorker.invokeTestMethods(TestMethodWorker.java:129)
	at org.testng.internal.TestMethodWorker.run(TestMethodWorker.java:112)
	at org.testng.TestRunner.privateRun(TestRunner.java:756)
	at org.testng.TestRunner.run(TestRunner.java:610)
	at org.testng.SuiteRunner.runTest(SuiteRunner.java:387)
	at org.testng.SuiteRunner.runSequentially(SuiteRunner.java:382)
	at org.testng.SuiteRunner.privateRun(SuiteRunner.java:340)
	at org.testng.SuiteRunner.run(SuiteRunner.java:289)
	at org.testng.SuiteRunnerWorker.runSuite(SuiteRunnerWorker.java:52)
	at org.testng.SuiteRunnerWorker.run(SuiteRunnerWorker.java:86)
	at org.testng.TestNG.runSuitesSequentially(TestNG.java:1293)
	at org.testng.TestNG.runSuitesLocally(TestNG.java:1218)
	at org.testng.TestNG.runSuites(TestNG.java:1133)
	at org.testng.TestNG.run(TestNG.java:1104)
	at org.testng.remote.AbstractRemoteTestNG.run(AbstractRemoteTestNG.java:132)
	at org.testng.remote.RemoteTestNG.initAndRun(RemoteTestNG.java:236)
	at org.testng.remote.RemoteTestNG.main(RemoteTestNG.java:81)

</div> <!-- stack-trace -->
                </div> <!-- method-content -->
              </div> <!-- method -->
              <div class="method">
                <div class="method-content">
                  <a name="test(Image (flickr), index.php, id_img_flickr, (60, 60), (698, 477)		)">
                  </a> <!-- test(Image (flickr), index.php, id_img_flickr, (60, 60), (698, 477)		) -->
                  <span class="method-name">test</span>
                  <span class="parameters">(Image (flickr), index.php, id_img_flickr, (60, 60), (698, 477)		)</span>
                  <div class="stack-trace">java.lang.AssertionError: 
Expected: &quot;(698, 477)\t\t&quot;
     but: was &quot;(698, 477)&quot;
	at org.hamcrest.MatcherAssert.assertThat(MatcherAssert.java:20)
	at org.hamcrest.MatcherAssert.assertThat(MatcherAssert.java:8)
	at core.ElementsValidationTest.test(ElementsValidationTest.java:60)
	at sun.reflect.GeneratedMethodAccessor5.invoke(Unknown Source)
	at sun.reflect.DelegatingMethodAccessorImpl.invoke(DelegatingMethodAccessorImpl.java:43)
	at java.lang.reflect.Method.invoke(Method.java:498)
	at org.testng.internal.MethodInvocationHelper.invokeMethod(MethodInvocationHelper.java:104)
	at org.testng.internal.Invoker.invokeMethod(Invoker.java:645)
	at org.testng.internal.Invoker.invokeTestMethod(Invoker.java:851)
	at org.testng.internal.Invoker.invokeTestMethods(Invoker.java:1177)
	at org.testng.internal.TestMethodWorker.invokeTestMethods(TestMethodWorker.java:129)
	at org.testng.internal.TestMethodWorker.run(TestMethodWorker.java:112)
	at org.testng.TestRunner.privateRun(TestRunner.java:756)
	at org.testng.TestRunner.run(TestRunner.java:610)
	at org.testng.SuiteRunner.runTest(SuiteRunner.java:387)
	at org.testng.SuiteRunner.runSequentially(SuiteRunner.java:382)
	at org.testng.SuiteRunner.privateRun(SuiteRunner.java:340)
	at org.testng.SuiteRunner.run(SuiteRunner.java:289)
	at org.testng.SuiteRunnerWorker.runSuite(SuiteRunnerWorker.java:52)
	at org.testng.SuiteRunnerWorker.run(SuiteRunnerWorker.java:86)
	at org.testng.TestNG.runSuitesSequentially(TestNG.java:1293)
	at org.testng.TestNG.runSuitesLocally(TestNG.java:1218)
	at org.testng.TestNG.runSuites(TestNG.java:1133)
	at org.testng.TestNG.run(TestNG.java:1104)
	at org.testng.remote.AbstractRemoteTestNG.run(AbstractRemoteTestNG.java:132)
	at org.testng.remote.RemoteTestNG.initAndRun(RemoteTestNG.java:236)
	at org.testng.remote.RemoteTestNG.main(RemoteTestNG.java:81)

</div> <!-- stack-trace -->
                </div> <!-- method-content -->
              </div> <!-- method -->
              <div class="method">
                <div class="method-content">
                  <a name="test(Radio Button (female), index.php, id_g_radio_02, (26, 26), (751, 353)		)">
                  </a> <!-- test(Radio Button (female), index.php, id_g_radio_02, (26, 26), (751, 353)		) -->
                  <span class="method-name">test</span>
                  <span class="parameters">(Radio Button (female), index.php, id_g_radio_02, (26, 26), (751, 353)		)</span>
                  <div class="stack-trace">java.lang.AssertionError: 
Expected: &quot;(751, 353)\t\t&quot;
     but: was &quot;(751, 353)&quot;
	at org.hamcrest.MatcherAssert.assertThat(MatcherAssert.java:20)
	at org.hamcrest.MatcherAssert.assertThat(MatcherAssert.java:8)
	at core.ElementsValidationTest.test(ElementsValidationTest.java:60)
	at sun.reflect.GeneratedMethodAccessor5.invoke(Unknown Source)
	at sun.reflect.DelegatingMethodAccessorImpl.invoke(DelegatingMethodAccessorImpl.java:43)
	at java.lang.reflect.Method.invoke(Method.java:498)
	at org.testng.internal.MethodInvocationHelper.invokeMethod(MethodInvocationHelper.java:104)
	at org.testng.internal.Invoker.invokeMethod(Invoker.java:645)
	at org.testng.internal.Invoker.invokeTestMethod(Invoker.java:851)
	at org.testng.internal.Invoker.invokeTestMethods(Invoker.java:1177)
	at org.testng.internal.TestMethodWorker.invokeTestMethods(TestMethodWorker.java:129)
	at org.testng.internal.TestMethodWorker.run(TestMethodWorker.java:112)
	at org.testng.TestRunner.privateRun(TestRunner.java:756)
	at org.testng.TestRunner.run(TestRunner.java:610)
	at org.testng.SuiteRunner.runTest(SuiteRunner.java:387)
	at org.testng.SuiteRunner.runSequentially(SuiteRunner.java:382)
	at org.testng.SuiteRunner.privateRun(SuiteRunner.java:340)
	at org.testng.SuiteRunner.run(SuiteRunner.java:289)
	at org.testng.SuiteRunnerWorker.runSuite(SuiteRunnerWorker.java:52)
	at org.testng.SuiteRunnerWorker.run(SuiteRunnerWorker.java:86)
	at org.testng.TestNG.runSuitesSequentially(TestNG.java:1293)
	at org.testng.TestNG.runSuitesLocally(TestNG.java:1218)
	at org.testng.TestNG.runSuites(TestNG.java:1133)
	at org.testng.TestNG.run(TestNG.java:1104)
	at org.testng.remote.AbstractRemoteTestNG.run(AbstractRemoteTestNG.java:132)
	at org.testng.remote.RemoteTestNG.initAndRun(RemoteTestNG.java:236)
	at org.testng.remote.RemoteTestNG.main(RemoteTestNG.java:81)

</div> <!-- stack-trace -->
                </div> <!-- method-content -->
              </div> <!-- method -->
              <div class="method">
                <div class="method-content">
                  <a name="test(Confirmation Label (Terms?), confirmation.php, id_f_label_terms_conf, (72, 25), (561, 393)		)">
                  </a> <!-- test(Confirmation Label (Terms?), confirmation.php, id_f_label_terms_conf, (72, 25), (561, 393)		) -->
                  <span class="method-name">test</span>
                  <span class="parameters">(Confirmation Label (Terms?), confirmation.php, id_f_label_terms_conf, (72, 25), (561, 393)		)</span>
                  <div class="stack-trace">java.lang.AssertionError: 
Expected: &quot;(561, 393)\t\t&quot;
     but: was &quot;(561, 393)&quot;
	at org.hamcrest.MatcherAssert.assertThat(MatcherAssert.java:20)
	at org.hamcrest.MatcherAssert.assertThat(MatcherAssert.java:8)
	at core.ElementsValidationTest.test(ElementsValidationTest.java:60)
	at sun.reflect.GeneratedMethodAccessor5.invoke(Unknown Source)
	at sun.reflect.DelegatingMethodAccessorImpl.invoke(DelegatingMethodAccessorImpl.java:43)
	at java.lang.reflect.Method.invoke(Method.java:498)
	at org.testng.internal.MethodInvocationHelper.invokeMethod(MethodInvocationHelper.java:104)
	at org.testng.internal.Invoker.invokeMethod(Invoker.java:645)
	at org.testng.internal.Invoker.invokeTestMethod(Invoker.java:851)
	at org.testng.internal.Invoker.invokeTestMethods(Invoker.java:1177)
	at org.testng.internal.TestMethodWorker.invokeTestMethods(TestMethodWorker.java:129)
	at org.testng.internal.TestMethodWorker.run(TestMethodWorker.java:112)
	at org.testng.TestRunner.privateRun(TestRunner.java:756)
	at org.testng.TestRunner.run(TestRunner.java:610)
	at org.testng.SuiteRunner.runTest(SuiteRunner.java:387)
	at org.testng.SuiteRunner.runSequentially(SuiteRunner.java:382)
	at org.testng.SuiteRunner.privateRun(SuiteRunner.java:340)
	at org.testng.SuiteRunner.run(SuiteRunner.java:289)
	at org.testng.SuiteRunnerWorker.runSuite(SuiteRunnerWorker.java:52)
	at org.testng.SuiteRunnerWorker.run(SuiteRunnerWorker.java:86)
	at org.testng.TestNG.runSuitesSequentially(TestNG.java:1293)
	at org.testng.TestNG.runSuitesLocally(TestNG.java:1218)
	at org.testng.TestNG.runSuites(TestNG.java:1133)
	at org.testng.TestNG.run(TestNG.java:1104)
	at org.testng.remote.AbstractRemoteTestNG.run(AbstractRemoteTestNG.java:132)
	at org.testng.remote.RemoteTestNG.initAndRun(RemoteTestNG.java:236)
	at org.testng.remote.RemoteTestNG.main(RemoteTestNG.java:81)

</div> <!-- stack-trace -->
                </div> <!-- method-content -->
              </div> <!-- method -->
              <div class="method">
                <div class="method-content">
                  <a name="test(Label (first name), index.php, id_f_label_fn, (104, 25), (560, 153)		)">
                  </a> <!-- test(Label (first name), index.php, id_f_label_fn, (104, 25), (560, 153)		) -->
                  <span class="method-name">test</span>
                  <span class="parameters">(Label (first name), index.php, id_f_label_fn, (104, 25), (560, 153)		)</span>
                  <div class="stack-trace">java.lang.AssertionError: 
Expected: &quot;(560, 153)\t\t&quot;
     but: was &quot;(560, 153)&quot;
	at org.hamcrest.MatcherAssert.assertThat(MatcherAssert.java:20)
	at org.hamcrest.MatcherAssert.assertThat(MatcherAssert.java:8)
	at core.ElementsValidationTest.test(ElementsValidationTest.java:60)
	at sun.reflect.NativeMethodAccessorImpl.invoke0(Native Method)
	at sun.reflect.NativeMethodAccessorImpl.invoke(NativeMethodAccessorImpl.java:62)
	at sun.reflect.DelegatingMethodAccessorImpl.invoke(DelegatingMethodAccessorImpl.java:43)
	at java.lang.reflect.Method.invoke(Method.java:498)
	at org.testng.internal.MethodInvocationHelper.invokeMethod(MethodInvocationHelper.java:104)
	at org.testng.internal.Invoker.invokeMethod(Invoker.java:645)
	at org.testng.internal.Invoker.invokeTestMethod(Invoker.java:851)
	at org.testng.internal.Invoker.invokeTestMethods(Invoker.java:1177)
	at org.testng.internal.TestMethodWorker.invokeTestMethods(TestMethodWorker.java:129)
	at org.testng.internal.TestMethodWorker.run(TestMethodWorker.java:112)
	at org.testng.TestRunner.privateRun(TestRunner.java:756)
	at org.testng.TestRunner.run(TestRunner.java:610)
	at org.testng.SuiteRunner.runTest(SuiteRunner.java:387)
	at org.testng.SuiteRunner.runSequentially(SuiteRunner.java:382)
	at org.testng.SuiteRunner.privateRun(SuiteRunner.java:340)
	at org.testng.SuiteRunner.run(SuiteRunner.java:289)
	at org.testng.SuiteRunnerWorker.runSuite(SuiteRunnerWorker.java:52)
	at org.testng.SuiteRunnerWorker.run(SuiteRunnerWorker.java:86)
	at org.testng.TestNG.runSuitesSequentially(TestNG.java:1293)
	at org.testng.TestNG.runSuitesLocally(TestNG.java:1218)
	at org.testng.TestNG.runSuites(TestNG.java:1133)
	at org.testng.TestNG.run(TestNG.java:1104)
	at org.testng.remote.AbstractRemoteTestNG.run(AbstractRemoteTestNG.java:132)
	at org.testng.remote.RemoteTestNG.initAndRun(RemoteTestNG.java:236)
	at org.testng.remote.RemoteTestNG.main(RemoteTestNG.java:81)

</div> <!-- stack-trace -->
                </div> <!-- method-content -->
              </div> <!-- method -->
              <div class="method">
                <div class="method-content">
                  <a name="test(Confirmation Field (phone number), confirmation.php, id_phone_conf, (10, 42), (986, 266)		)">
                  </a> <!-- test(Confirmation Field (phone number), confirmation.php, id_phone_conf, (10, 42), (986, 266)		) -->
                  <span class="method-name">test</span>
                  <span class="parameters">(Confirmation Field (phone number), confirmation.php, id_phone_conf, (10, 42), (986, 266)		)</span>
                  <div class="stack-trace">java.lang.AssertionError: 
Expected: &quot;(986, 266)\t\t&quot;
     but: was &quot;(986, 266)&quot;
	at org.hamcrest.MatcherAssert.assertThat(MatcherAssert.java:20)
	at org.hamcrest.MatcherAssert.assertThat(MatcherAssert.java:8)
	at core.ElementsValidationTest.test(ElementsValidationTest.java:60)
	at sun.reflect.GeneratedMethodAccessor5.invoke(Unknown Source)
	at sun.reflect.DelegatingMethodAccessorImpl.invoke(DelegatingMethodAccessorImpl.java:43)
	at java.lang.reflect.Method.invoke(Method.java:498)
	at org.testng.internal.MethodInvocationHelper.invokeMethod(MethodInvocationHelper.java:104)
	at org.testng.internal.Invoker.invokeMethod(Invoker.java:645)
	at org.testng.internal.Invoker.invokeTestMethod(Invoker.java:851)
	at org.testng.internal.Invoker.invokeTestMethods(Invoker.java:1177)
	at org.testng.internal.TestMethodWorker.invokeTestMethods(TestMethodWorker.java:129)
	at org.testng.internal.TestMethodWorker.run(TestMethodWorker.java:112)
	at org.testng.TestRunner.privateRun(TestRunner.java:756)
	at org.testng.TestRunner.run(TestRunner.java:610)
	at org.testng.SuiteRunner.runTest(SuiteRunner.java:387)
	at org.testng.SuiteRunner.runSequentially(SuiteRunner.java:382)
	at org.testng.SuiteRunner.privateRun(SuiteRunner.java:340)
	at org.testng.SuiteRunner.run(SuiteRunner.java:289)
	at org.testng.SuiteRunnerWorker.runSuite(SuiteRunnerWorker.java:52)
	at org.testng.SuiteRunnerWorker.run(SuiteRunnerWorker.java:86)
	at org.testng.TestNG.runSuitesSequentially(TestNG.java:1293)
	at org.testng.TestNG.runSuitesLocally(TestNG.java:1218)
	at org.testng.TestNG.runSuites(TestNG.java:1133)
	at org.testng.TestNG.run(TestNG.java:1104)
	at org.testng.remote.AbstractRemoteTestNG.run(AbstractRemoteTestNG.java:132)
	at org.testng.remote.RemoteTestNG.initAndRun(RemoteTestNG.java:236)
	at org.testng.remote.RemoteTestNG.main(RemoteTestNG.java:81)

</div> <!-- stack-trace -->
                </div> <!-- method-content -->
              </div> <!-- method -->
              <div class="method">
                <div class="method-content">
                  <a name="test(Button (Reset), index.php, id_reset_button, (104, 37), (986, 493)		)">
                  </a> <!-- test(Button (Reset), index.php, id_reset_button, (104, 37), (986, 493)		) -->
                  <span class="method-name">test</span>
                  <span class="parameters">(Button (Reset), index.php, id_reset_button, (104, 37), (986, 493)		)</span>
                  <div class="stack-trace">java.lang.AssertionError: 
Expected: &quot;(986, 493)\t\t&quot;
     but: was &quot;(986, 493)&quot;
	at org.hamcrest.MatcherAssert.assertThat(MatcherAssert.java:20)
	at org.hamcrest.MatcherAssert.assertThat(MatcherAssert.java:8)
	at core.ElementsValidationTest.test(ElementsValidationTest.java:60)
	at sun.reflect.GeneratedMethodAccessor5.invoke(Unknown Source)
	at sun.reflect.DelegatingMethodAccessorImpl.invoke(DelegatingMethodAccessorImpl.java:43)
	at java.lang.reflect.Method.invoke(Method.java:498)
	at org.testng.internal.MethodInvocationHelper.invokeMethod(MethodInvocationHelper.java:104)
	at org.testng.internal.Invoker.invokeMethod(Invoker.java:645)
	at org.testng.internal.Invoker.invokeTestMethod(Invoker.java:851)
	at org.testng.internal.Invoker.invokeTestMethods(Invoker.java:1177)
	at org.testng.internal.TestMethodWorker.invokeTestMethods(TestMethodWorker.java:129)
	at org.testng.internal.TestMethodWorker.run(TestMethodWorker.java:112)
	at org.testng.TestRunner.privateRun(TestRunner.java:756)
	at org.testng.TestRunner.run(TestRunner.java:610)
	at org.testng.SuiteRunner.runTest(SuiteRunner.java:387)
	at org.testng.SuiteRunner.runSequentially(SuiteRunner.java:382)
	at org.testng.SuiteRunner.privateRun(SuiteRunner.java:340)
	at org.testng.SuiteRunner.run(SuiteRunner.java:289)
	at org.testng.SuiteRunnerWorker.runSuite(SuiteRunnerWorker.java:52)
	at org.testng.SuiteRunnerWorker.run(SuiteRunnerWorker.java:86)
	at org.testng.TestNG.runSuitesSequentially(TestNG.java:1293)
	at org.testng.TestNG.runSuitesLocally(TestNG.java:1218)
	at org.testng.TestNG.runSuites(TestNG.java:1133)
	at org.testng.TestNG.run(TestNG.java:1104)
	at org.testng.remote.AbstractRemoteTestNG.run(AbstractRemoteTestNG.java:132)
	at org.testng.remote.RemoteTestNG.initAndRun(RemoteTestNG.java:236)
	at org.testng.remote.RemoteTestNG.main(RemoteTestNG.java:81)

</div> <!-- stack-trace -->
                </div> <!-- method-content -->
              </div> <!-- method -->
              <div class="method">
                <div class="method-content">
                  <a name="test(Confirmation Field (state), confirmation.php, id_state_conf, (10, 42), (986, 346)		)">
                  </a> <!-- test(Confirmation Field (state), confirmation.php, id_state_conf, (10, 42), (986, 346)		) -->
                  <span class="method-name">test</span>
                  <span class="parameters">(Confirmation Field (state), confirmation.php, id_state_conf, (10, 42), (986, 346)		)</span>
                  <div class="stack-trace">java.lang.AssertionError: 
Expected: &quot;(986, 346)\t\t&quot;
     but: was &quot;(986, 346)&quot;
	at org.hamcrest.MatcherAssert.assertThat(MatcherAssert.java:20)
	at org.hamcrest.MatcherAssert.assertThat(MatcherAssert.java:8)
	at core.ElementsValidationTest.test(ElementsValidationTest.java:60)
	at sun.reflect.GeneratedMethodAccessor5.invoke(Unknown Source)
	at sun.reflect.DelegatingMethodAccessorImpl.invoke(DelegatingMethodAccessorImpl.java:43)
	at java.lang.reflect.Method.invoke(Method.java:498)
	at org.testng.internal.MethodInvocationHelper.invokeMethod(MethodInvocationHelper.java:104)
	at org.testng.internal.Invoker.invokeMethod(Invoker.java:645)
	at org.testng.internal.Invoker.invokeTestMethod(Invoker.java:851)
	at org.testng.internal.Invoker.invokeTestMethods(Invoker.java:1177)
	at org.testng.internal.TestMethodWorker.invokeTestMethods(TestMethodWorker.java:129)
	at org.testng.internal.TestMethodWorker.run(TestMethodWorker.java:112)
	at org.testng.TestRunner.privateRun(TestRunner.java:756)
	at org.testng.TestRunner.run(TestRunner.java:610)
	at org.testng.SuiteRunner.runTest(SuiteRunner.java:387)
	at org.testng.SuiteRunner.runSequentially(SuiteRunner.java:382)
	at org.testng.SuiteRunner.privateRun(SuiteRunner.java:340)
	at org.testng.SuiteRunner.run(SuiteRunner.java:289)
	at org.testng.SuiteRunnerWorker.runSuite(SuiteRunnerWorker.java:52)
	at org.testng.SuiteRunnerWorker.run(SuiteRunnerWorker.java:86)
	at org.testng.TestNG.runSuitesSequentially(TestNG.java:1293)
	at org.testng.TestNG.runSuitesLocally(TestNG.java:1218)
	at org.testng.TestNG.runSuites(TestNG.java:1133)
	at org.testng.TestNG.run(TestNG.java:1104)
	at org.testng.remote.AbstractRemoteTestNG.run(AbstractRemoteTestNG.java:132)
	at org.testng.remote.RemoteTestNG.initAndRun(RemoteTestNG.java:236)
	at org.testng.remote.RemoteTestNG.main(RemoteTestNG.java:81)

</div> <!-- stack-trace -->
                </div> <!-- method-content -->
              </div> <!-- method -->
              <div class="method">
                <div class="method-content">
                  <a name="test(Dynamic text (os &amp; browser), index.php, os_browser, (310, 24), (1075, 550)		)">
                  </a> <!-- test(Dynamic text (os & browser), index.php, os_browser, (310, 24), (1075, 550)		) -->
                  <span class="method-name">test</span>
                  <span class="parameters">(Dynamic text (os & browser), index.php, os_browser, (310, 24), (1075, 550)		)</span>
                  <div class="stack-trace">java.lang.AssertionError: 
Expected: &quot;(1075, 550)\t\t&quot;
     but: was &quot;(1075, 550)&quot;
	at org.hamcrest.MatcherAssert.assertThat(MatcherAssert.java:20)
	at org.hamcrest.MatcherAssert.assertThat(MatcherAssert.java:8)
	at core.ElementsValidationTest.test(ElementsValidationTest.java:60)
	at sun.reflect.GeneratedMethodAccessor5.invoke(Unknown Source)
	at sun.reflect.DelegatingMethodAccessorImpl.invoke(DelegatingMethodAccessorImpl.java:43)
	at java.lang.reflect.Method.invoke(Method.java:498)
	at org.testng.internal.MethodInvocationHelper.invokeMethod(MethodInvocationHelper.java:104)
	at org.testng.internal.Invoker.invokeMethod(Invoker.java:645)
	at org.testng.internal.Invoker.invokeTestMethod(Invoker.java:851)
	at org.testng.internal.Invoker.invokeTestMethods(Invoker.java:1177)
	at org.testng.internal.TestMethodWorker.invokeTestMethods(TestMethodWorker.java:129)
	at org.testng.internal.TestMethodWorker.run(TestMethodWorker.java:112)
	at org.testng.TestRunner.privateRun(TestRunner.java:756)
	at org.testng.TestRunner.run(TestRunner.java:610)
	at org.testng.SuiteRunner.runTest(SuiteRunner.java:387)
	at org.testng.SuiteRunner.runSequentially(SuiteRunner.java:382)
	at org.testng.SuiteRunner.privateRun(SuiteRunner.java:340)
	at org.testng.SuiteRunner.run(SuiteRunner.java:289)
	at org.testng.SuiteRunnerWorker.runSuite(SuiteRunnerWorker.java:52)
	at org.testng.SuiteRunnerWorker.run(SuiteRunnerWorker.java:86)
	at org.testng.TestNG.runSuitesSequentially(TestNG.java:1293)
	at org.testng.TestNG.runSuitesLocally(TestNG.java:1218)
	at org.testng.TestNG.runSuites(TestNG.java:1133)
	at org.testng.TestNG.run(TestNG.java:1104)
	at org.testng.remote.AbstractRemoteTestNG.run(AbstractRemoteTestNG.java:132)
	at org.testng.remote.RemoteTestNG.initAndRun(RemoteTestNG.java:236)
	at org.testng.remote.RemoteTestNG.main(RemoteTestNG.java:81)

</div> <!-- stack-trace -->
                </div> <!-- method-content -->
              </div> <!-- method -->
              <div class="method">
                <div class="method-content">
                  <a name="test(Confirmation Label (last name), confirmation.php, id_f_label_ln_conf, (103, 25), (986, 153)		)">
                  </a> <!-- test(Confirmation Label (last name), confirmation.php, id_f_label_ln_conf, (103, 25), (986, 153)		) -->
                  <span class="method-name">test</span>
                  <span class="parameters">(Confirmation Label (last name), confirmation.php, id_f_label_ln_conf, (103, 25), (986, 153)		)</span>
                  <div class="stack-trace">java.lang.AssertionError: 
Expected: &quot;(986, 153)\t\t&quot;
     but: was &quot;(986, 153)&quot;
	at org.hamcrest.MatcherAssert.assertThat(MatcherAssert.java:20)
	at org.hamcrest.MatcherAssert.assertThat(MatcherAssert.java:8)
	at core.ElementsValidationTest.test(ElementsValidationTest.java:60)
	at sun.reflect.GeneratedMethodAccessor5.invoke(Unknown Source)
	at sun.reflect.DelegatingMethodAccessorImpl.invoke(DelegatingMethodAccessorImpl.java:43)
	at java.lang.reflect.Method.invoke(Method.java:498)
	at org.testng.internal.MethodInvocationHelper.invokeMethod(MethodInvocationHelper.java:104)
	at org.testng.internal.Invoker.invokeMethod(Invoker.java:645)
	at org.testng.internal.Invoker.invokeTestMethod(Invoker.java:851)
	at org.testng.internal.Invoker.invokeTestMethods(Invoker.java:1177)
	at org.testng.internal.TestMethodWorker.invokeTestMethods(TestMethodWorker.java:129)
	at org.testng.internal.TestMethodWorker.run(TestMethodWorker.java:112)
	at org.testng.TestRunner.privateRun(TestRunner.java:756)
	at org.testng.TestRunner.run(TestRunner.java:610)
	at org.testng.SuiteRunner.runTest(SuiteRunner.java:387)
	at org.testng.SuiteRunner.runSequentially(SuiteRunner.java:382)
	at org.testng.SuiteRunner.privateRun(SuiteRunner.java:340)
	at org.testng.SuiteRunner.run(SuiteRunner.java:289)
	at org.testng.SuiteRunnerWorker.runSuite(SuiteRunnerWorker.java:52)
	at org.testng.SuiteRunnerWorker.run(SuiteRunnerWorker.java:86)
	at org.testng.TestNG.runSuitesSequentially(TestNG.java:1293)
	at org.testng.TestNG.runSuitesLocally(TestNG.java:1218)
	at org.testng.TestNG.runSuites(TestNG.java:1133)
	at org.testng.TestNG.run(TestNG.java:1104)
	at org.testng.remote.AbstractRemoteTestNG.run(AbstractRemoteTestNG.java:132)
	at org.testng.remote.RemoteTestNG.initAndRun(RemoteTestNG.java:236)
	at org.testng.remote.RemoteTestNG.main(RemoteTestNG.java:81)

</div> <!-- stack-trace -->
                </div> <!-- method-content -->
              </div> <!-- method -->
              <div class="method">
                <div class="method-content">
                  <a name="test(Image (weather icon), index.php, id_weather_icon, (50, 50), (1203, 98)		)">
                  </a> <!-- test(Image (weather icon), index.php, id_weather_icon, (50, 50), (1203, 98)		) -->
                  <span class="method-name">test</span>
                  <span class="parameters">(Image (weather icon), index.php, id_weather_icon, (50, 50), (1203, 98)		)</span>
                  <div class="stack-trace">java.lang.AssertionError: 
Expected: &quot;(1203, 98)\t\t&quot;
     but: was &quot;(1203, 98)&quot;
	at org.hamcrest.MatcherAssert.assertThat(MatcherAssert.java:20)
	at org.hamcrest.MatcherAssert.assertThat(MatcherAssert.java:8)
	at core.ElementsValidationTest.test(ElementsValidationTest.java:60)
	at sun.reflect.NativeMethodAccessorImpl.invoke0(Native Method)
	at sun.reflect.NativeMethodAccessorImpl.invoke(NativeMethodAccessorImpl.java:62)
	at sun.reflect.DelegatingMethodAccessorImpl.invoke(DelegatingMethodAccessorImpl.java:43)
	at java.lang.reflect.Method.invoke(Method.java:498)
	at org.testng.internal.MethodInvocationHelper.invokeMethod(MethodInvocationHelper.java:104)
	at org.testng.internal.Invoker.invokeMethod(Invoker.java:645)
	at org.testng.internal.Invoker.invokeTestMethod(Invoker.java:851)
	at org.testng.internal.Invoker.invokeTestMethods(Invoker.java:1177)
	at org.testng.internal.TestMethodWorker.invokeTestMethods(TestMethodWorker.java:129)
	at org.testng.internal.TestMethodWorker.run(TestMethodWorker.java:112)
	at org.testng.TestRunner.privateRun(TestRunner.java:756)
	at org.testng.TestRunner.run(TestRunner.java:610)
	at org.testng.SuiteRunner.runTest(SuiteRunner.java:387)
	at org.testng.SuiteRunner.runSequentially(SuiteRunner.java:382)
	at org.testng.SuiteRunner.privateRun(SuiteRunner.java:340)
	at org.testng.SuiteRunner.run(SuiteRunner.java:289)
	at org.testng.SuiteRunnerWorker.runSuite(SuiteRunnerWorker.java:52)
	at org.testng.SuiteRunnerWorker.run(SuiteRunnerWorker.java:86)
	at org.testng.TestNG.runSuitesSequentially(TestNG.java:1293)
	at org.testng.TestNG.runSuitesLocally(TestNG.java:1218)
	at org.testng.TestNG.runSuites(TestNG.java:1133)
	at org.testng.TestNG.run(TestNG.java:1104)
	at org.testng.remote.AbstractRemoteTestNG.run(AbstractRemoteTestNG.java:132)
	at org.testng.remote.RemoteTestNG.initAndRun(RemoteTestNG.java:236)
	at org.testng.remote.RemoteTestNG.main(RemoteTestNG.java:81)

</div> <!-- stack-trace -->
                </div> <!-- method-content -->
              </div> <!-- method -->
              <div class="method">
                <div class="method-content">
                  <a name="test(Field (first name), index.php, id_fname, (368, 42), (560, 183)		)">
                  </a> <!-- test(Field (first name), index.php, id_fname, (368, 42), (560, 183)		) -->
                  <span class="method-name">test</span>
                  <span class="parameters">(Field (first name), index.php, id_fname, (368, 42), (560, 183)		)</span>
                  <div class="stack-trace">java.lang.AssertionError: 
Expected: &quot;(560, 183)\t\t&quot;
     but: was &quot;(560, 183)&quot;
	at org.hamcrest.MatcherAssert.assertThat(MatcherAssert.java:20)
	at org.hamcrest.MatcherAssert.assertThat(MatcherAssert.java:8)
	at core.ElementsValidationTest.test(ElementsValidationTest.java:60)
	at sun.reflect.NativeMethodAccessorImpl.invoke0(Native Method)
	at sun.reflect.NativeMethodAccessorImpl.invoke(NativeMethodAccessorImpl.java:62)
	at sun.reflect.DelegatingMethodAccessorImpl.invoke(DelegatingMethodAccessorImpl.java:43)
	at java.lang.reflect.Method.invoke(Method.java:498)
	at org.testng.internal.MethodInvocationHelper.invokeMethod(MethodInvocationHelper.java:104)
	at org.testng.internal.Invoker.invokeMethod(Invoker.java:645)
	at org.testng.internal.Invoker.invokeTestMethod(Invoker.java:851)
	at org.testng.internal.Invoker.invokeTestMethods(Invoker.java:1177)
	at org.testng.internal.TestMethodWorker.invokeTestMethods(TestMethodWorker.java:129)
	at org.testng.internal.TestMethodWorker.run(TestMethodWorker.java:112)
	at org.testng.TestRunner.privateRun(TestRunner.java:756)
	at org.testng.TestRunner.run(TestRunner.java:610)
	at org.testng.SuiteRunner.runTest(SuiteRunner.java:387)
	at org.testng.SuiteRunner.runSequentially(SuiteRunner.java:382)
	at org.testng.SuiteRunner.privateRun(SuiteRunner.java:340)
	at org.testng.SuiteRunner.run(SuiteRunner.java:289)
	at org.testng.SuiteRunnerWorker.runSuite(SuiteRunnerWorker.java:52)
	at org.testng.SuiteRunnerWorker.run(SuiteRunnerWorker.java:86)
	at org.testng.TestNG.runSuitesSequentially(TestNG.java:1293)
	at org.testng.TestNG.runSuitesLocally(TestNG.java:1218)
	at org.testng.TestNG.runSuites(TestNG.java:1133)
	at org.testng.TestNG.run(TestNG.java:1104)
	at org.testng.remote.AbstractRemoteTestNG.run(AbstractRemoteTestNG.java:132)
	at org.testng.remote.RemoteTestNG.initAndRun(RemoteTestNG.java:236)
	at org.testng.remote.RemoteTestNG.main(RemoteTestNG.java:81)

</div> <!-- stack-trace -->
                </div> <!-- method-content -->
              </div> <!-- method -->
              <div class="method">
                <div class="method-content">
                  <a name="test(Checkbox (terms), index.php, id_checkbox, (26, 26), (560, 419)		)">
                  </a> <!-- test(Checkbox (terms), index.php, id_checkbox, (26, 26), (560, 419)		) -->
                  <span class="method-name">test</span>
                  <span class="parameters">(Checkbox (terms), index.php, id_checkbox, (26, 26), (560, 419)		)</span>
                  <div class="stack-trace">java.lang.AssertionError: 
Expected: &quot;(560, 419)\t\t&quot;
     but: was &quot;(560, 419)&quot;
	at org.hamcrest.MatcherAssert.assertThat(MatcherAssert.java:20)
	at org.hamcrest.MatcherAssert.assertThat(MatcherAssert.java:8)
	at core.ElementsValidationTest.test(ElementsValidationTest.java:60)
	at sun.reflect.GeneratedMethodAccessor5.invoke(Unknown Source)
	at sun.reflect.DelegatingMethodAccessorImpl.invoke(DelegatingMethodAccessorImpl.java:43)
	at java.lang.reflect.Method.invoke(Method.java:498)
	at org.testng.internal.MethodInvocationHelper.invokeMethod(MethodInvocationHelper.java:104)
	at org.testng.internal.Invoker.invokeMethod(Invoker.java:645)
	at org.testng.internal.Invoker.invokeTestMethod(Invoker.java:851)
	at org.testng.internal.Invoker.invokeTestMethods(Invoker.java:1177)
	at org.testng.internal.TestMethodWorker.invokeTestMethods(TestMethodWorker.java:129)
	at org.testng.internal.TestMethodWorker.run(TestMethodWorker.java:112)
	at org.testng.TestRunner.privateRun(TestRunner.java:756)
	at org.testng.TestRunner.run(TestRunner.java:610)
	at org.testng.SuiteRunner.runTest(SuiteRunner.java:387)
	at org.testng.SuiteRunner.runSequentially(SuiteRunner.java:382)
	at org.testng.SuiteRunner.privateRun(SuiteRunner.java:340)
	at org.testng.SuiteRunner.run(SuiteRunner.java:289)
	at org.testng.SuiteRunnerWorker.runSuite(SuiteRunnerWorker.java:52)
	at org.testng.SuiteRunnerWorker.run(SuiteRunnerWorker.java:86)
	at org.testng.TestNG.runSuitesSequentially(TestNG.java:1293)
	at org.testng.TestNG.runSuitesLocally(TestNG.java:1218)
	at org.testng.TestNG.runSuites(TestNG.java:1133)
	at org.testng.TestNG.run(TestNG.java:1104)
	at org.testng.remote.AbstractRemoteTestNG.run(AbstractRemoteTestNG.java:132)
	at org.testng.remote.RemoteTestNG.initAndRun(RemoteTestNG.java:236)
	at org.testng.remote.RemoteTestNG.main(RemoteTestNG.java:81)

</div> <!-- stack-trace -->
                </div> <!-- method-content -->
              </div> <!-- method -->
              <div class="method">
                <div class="method-content">
                  <a name="test(Image (facebook), index.php, id_img_facebook, (60, 60), (560, 477))		)">
                  </a> <!-- test(Image (facebook), index.php, id_img_facebook, (60, 60), (560, 477))		) -->
                  <span class="method-name">test</span>
                  <span class="parameters">(Image (facebook), index.php, id_img_facebook, (60, 60), (560, 477))		)</span>
                  <div class="stack-trace">java.lang.AssertionError: 
Expected: &quot;(560, 477))\t\t&quot;
     but: was &quot;(560, 477)&quot;
	at org.hamcrest.MatcherAssert.assertThat(MatcherAssert.java:20)
	at org.hamcrest.MatcherAssert.assertThat(MatcherAssert.java:8)
	at core.ElementsValidationTest.test(ElementsValidationTest.java:60)
	at sun.reflect.GeneratedMethodAccessor5.invoke(Unknown Source)
	at sun.reflect.DelegatingMethodAccessorImpl.invoke(DelegatingMethodAccessorImpl.java:43)
	at java.lang.reflect.Method.invoke(Method.java:498)
	at org.testng.internal.MethodInvocationHelper.invokeMethod(MethodInvocationHelper.java:104)
	at org.testng.internal.Invoker.invokeMethod(Invoker.java:645)
	at org.testng.internal.Invoker.invokeTestMethod(Invoker.java:851)
	at org.testng.internal.Invoker.invokeTestMethods(Invoker.java:1177)
	at org.testng.internal.TestMethodWorker.invokeTestMethods(TestMethodWorker.java:129)
	at org.testng.internal.TestMethodWorker.run(TestMethodWorker.java:112)
	at org.testng.TestRunner.privateRun(TestRunner.java:756)
	at org.testng.TestRunner.run(TestRunner.java:610)
	at org.testng.SuiteRunner.runTest(SuiteRunner.java:387)
	at org.testng.SuiteRunner.runSequentially(SuiteRunner.java:382)
	at org.testng.SuiteRunner.privateRun(SuiteRunner.java:340)
	at org.testng.SuiteRunner.run(SuiteRunner.java:289)
	at org.testng.SuiteRunnerWorker.runSuite(SuiteRunnerWorker.java:52)
	at org.testng.SuiteRunnerWorker.run(SuiteRunnerWorker.java:86)
	at org.testng.TestNG.runSuitesSequentially(TestNG.java:1293)
	at org.testng.TestNG.runSuitesLocally(TestNG.java:1218)
	at org.testng.TestNG.runSuites(TestNG.java:1133)
	at org.testng.TestNG.run(TestNG.java:1104)
	at org.testng.remote.AbstractRemoteTestNG.run(AbstractRemoteTestNG.java:132)
	at org.testng.remote.RemoteTestNG.initAndRun(RemoteTestNG.java:236)
	at org.testng.remote.RemoteTestNG.main(RemoteTestNG.java:81)

</div> <!-- stack-trace -->
                </div> <!-- method-content -->
              </div> <!-- method -->
              <div class="method">
                <div class="method-content">
                  <a name="test(Dynamic text (todayâ€™s date), index.php, timestamp, (290, 24), (535, 550)		)">
                  </a> <!-- test(Dynamic text (todayâ€™s date), index.php, timestamp, (290, 24), (535, 550)		) -->
                  <span class="method-name">test</span>
                  <span class="parameters">(Dynamic text (todayâ€™s date), index.php, timestamp, (290, 24), (535, 550)		)</span>
                  <div class="stack-trace">java.lang.AssertionError: 
Expected: &quot;(535, 550)\t\t&quot;
     but: was &quot;(535, 550)&quot;
	at org.hamcrest.MatcherAssert.assertThat(MatcherAssert.java:20)
	at org.hamcrest.MatcherAssert.assertThat(MatcherAssert.java:8)
	at core.ElementsValidationTest.test(ElementsValidationTest.java:60)
	at sun.reflect.GeneratedMethodAccessor5.invoke(Unknown Source)
	at sun.reflect.DelegatingMethodAccessorImpl.invoke(DelegatingMethodAccessorImpl.java:43)
	at java.lang.reflect.Method.invoke(Method.java:498)
	at org.testng.internal.MethodInvocationHelper.invokeMethod(MethodInvocationHelper.java:104)
	at org.testng.internal.Invoker.invokeMethod(Invoker.java:645)
	at org.testng.internal.Invoker.invokeTestMethod(Invoker.java:851)
	at org.testng.internal.Invoker.invokeTestMethods(Invoker.java:1177)
	at org.testng.internal.TestMethodWorker.invokeTestMethods(TestMethodWorker.java:129)
	at org.testng.internal.TestMethodWorker.run(TestMethodWorker.java:112)
	at org.testng.TestRunner.privateRun(TestRunner.java:756)
	at org.testng.TestRunner.run(TestRunner.java:610)
	at org.testng.SuiteRunner.runTest(SuiteRunner.java:387)
	at org.testng.SuiteRunner.runSequentially(SuiteRunner.java:382)
	at org.testng.SuiteRunner.privateRun(SuiteRunner.java:340)
	at org.testng.SuiteRunner.run(SuiteRunner.java:289)
	at org.testng.SuiteRunnerWorker.runSuite(SuiteRunnerWorker.java:52)
	at org.testng.SuiteRunnerWorker.run(SuiteRunnerWorker.java:86)
	at org.testng.TestNG.runSuitesSequentially(TestNG.java:1293)
	at org.testng.TestNG.runSuitesLocally(TestNG.java:1218)
	at org.testng.TestNG.runSuites(TestNG.java:1133)
	at org.testng.TestNG.run(TestNG.java:1104)
	at org.testng.remote.AbstractRemoteTestNG.run(AbstractRemoteTestNG.java:132)
	at org.testng.remote.RemoteTestNG.initAndRun(RemoteTestNG.java:236)
	at org.testng.remote.RemoteTestNG.main(RemoteTestNG.java:81)

</div> <!-- stack-trace -->
                </div> <!-- method-content -->
              </div> <!-- method -->
            </div> <!-- main-panel-content rounded-window-bottom -->
          </div> <!-- suite-Default_suite-class-failed -->
          <div class="suite-Default_suite-class-passed">
            <div class="main-panel-header rounded-window-top">
              <img src="passed.png"/>
              <span class="class-name">core.ElementsValidationTest</span>
            </div> <!-- main-panel-header rounded-window-top -->
            <div class="main-panel-content rounded-window-bottom">
              <div class="method">
                <div class="method-content">
                  <a name="test(Dynamic text (quote), index.php, id_quotes, (1904, 20), (8, 48))">
                  </a> <!-- test(Dynamic text (quote), index.php, id_quotes, (1904, 20), (8, 48)) -->
                  <span class="method-name">test</span>
                  <span class="parameters">(Dynamic text (quote), index.php, id_quotes, (1904, 20), (8, 48))</span>
                </div> <!-- method-content -->
              </div> <!-- method -->
              <div class="method">
                <div class="method-content">
                  <a name="test(Page title (Sing Up), index.php, id_f_title, (151, 46), (560, 86))">
                  </a> <!-- test(Page title (Sing Up), index.php, id_f_title, (151, 46), (560, 86)) -->
                  <span class="method-name">test</span>
                  <span class="parameters">(Page title (Sing Up), index.php, id_f_title, (151, 46), (560, 86))</span>
                </div> <!-- method-content -->
              </div> <!-- method -->
              <div class="method">
                <div class="method-content">
                  <a name="test(text (current location), index.php, id_current_location, (178, 25), (1156, 70))">
                  </a> <!-- test(text (current location), index.php, id_current_location, (178, 25), (1156, 70)) -->
                  <span class="method-name">test</span>
                  <span class="parameters">(text (current location), index.php, id_current_location, (178, 25), (1156, 70))</span>
                </div> <!-- method-content -->
              </div> <!-- method -->
            </div> <!-- main-panel-content rounded-window-bottom -->
          </div> <!-- suite-Default_suite-class-passed -->
        </div> <!-- panel Default_suite -->
        <div panel-name="test-xml-Default_suite" class="panel">
          <div class="main-panel-header rounded-window-top">
            <span class="header-content">C:\Users\Dmitry\AppData\Local\Temp\testng-eclipse-1836251104\testng-customsuite.xml</span>
          </div> <!-- main-panel-header rounded-window-top -->
          <div class="main-panel-content rounded-window-bottom">
            <pre>
&lt;?xml version=&quot;1.0&quot; encoding=&quot;UTF-8&quot;?&gt;
&lt;!DOCTYPE suite SYSTEM &quot;http://testng.org/testng-1.0.dtd&quot;&gt;
&lt;suite guice-stage=&quot;DEVELOPMENT&quot; name=&quot;Default suite&quot;&gt;
  &lt;test verbose=&quot;2&quot; name=&quot;Default test&quot;&gt;
    &lt;classes&gt;
      &lt;class name=&quot;core.ElementsValidationTest&quot;/&gt;
    &lt;/classes&gt;
  &lt;/test&gt; &lt;!-- Default test --&gt;
&lt;/suite&gt; &lt;!-- Default suite --&gt;
            </pre>
          </div> <!-- main-panel-content rounded-window-bottom -->
        </div> <!-- panel -->
        <div panel-name="testlist-Default_suite" class="panel">
          <div class="main-panel-header rounded-window-top">
            <span class="header-content">Tests for Default suite</span>
          </div> <!-- main-panel-header rounded-window-top -->
          <div class="main-panel-content rounded-window-bottom">
            <ul>
              <li>
                <span class="test-name">Default test (1 class)</span>
              </li>
            </ul>
          </div> <!-- main-panel-content rounded-window-bottom -->
        </div> <!-- panel -->
        <div panel-name="group-Default_suite" class="panel">
          <div class="main-panel-header rounded-window-top">
            <span class="header-content">Groups for Default suite</span>
          </div> <!-- main-panel-header rounded-window-top -->
          <div class="main-panel-content rounded-window-bottom">
          </div> <!-- main-panel-content rounded-window-bottom -->
        </div> <!-- panel -->
        <div panel-name="times-Default_suite" class="panel">
          <div class="main-panel-header rounded-window-top">
            <span class="header-content">Times for Default suite</span>
          </div> <!-- main-panel-header rounded-window-top -->
          <div class="main-panel-content rounded-window-bottom">
            <div class="times-div">
              <script type="text/javascript">
suiteTableInitFunctions.push('tableData_Default_suite');
function tableData_Default_suite() {
var data = new google.visualization.DataTable();
data.addColumn('number', 'Number');
data.addColumn('string', 'Method');
data.addColumn('string', 'Class');
data.addColumn('number', 'Time (ms)');
data.addRows(46);
data.setCell(0, 0, 0)
data.setCell(0, 1, 'test')
data.setCell(0, 2, 'core.ElementsValidationTest')
data.setCell(0, 3, 3682);
data.setCell(1, 0, 1)
data.setCell(1, 1, 'test')
data.setCell(1, 2, 'core.ElementsValidationTest')
data.setCell(1, 3, 3248);
data.setCell(2, 0, 2)
data.setCell(2, 1, 'test')
data.setCell(2, 2, 'core.ElementsValidationTest')
data.setCell(2, 3, 3008);
data.setCell(3, 0, 3)
data.setCell(3, 1, 'test')
data.setCell(3, 2, 'core.ElementsValidationTest')
data.setCell(3, 3, 2772);
data.setCell(4, 0, 4)
data.setCell(4, 1, 'test')
data.setCell(4, 2, 'core.ElementsValidationTest')
data.setCell(4, 3, 2727);
data.setCell(5, 0, 5)
data.setCell(5, 1, 'test')
data.setCell(5, 2, 'core.ElementsValidationTest')
data.setCell(5, 3, 2622);
data.setCell(6, 0, 6)
data.setCell(6, 1, 'test')
data.setCell(6, 2, 'core.ElementsValidationTest')
data.setCell(6, 3, 2614);
data.setCell(7, 0, 7)
data.setCell(7, 1, 'test')
data.setCell(7, 2, 'core.ElementsValidationTest')
data.setCell(7, 3, 2597);
data.setCell(8, 0, 8)
data.setCell(8, 1, 'test')
data.setCell(8, 2, 'core.ElementsValidationTest')
data.setCell(8, 3, 2541);
data.setCell(9, 0, 9)
data.setCell(9, 1, 'test')
data.setCell(9, 2, 'core.ElementsValidationTest')
data.setCell(9, 3, 2534);
data.setCell(10, 0, 10)
data.setCell(10, 1, 'test')
data.setCell(10, 2, 'core.ElementsValidationTest')
data.setCell(10, 3, 2525);
data.setCell(11, 0, 11)
data.setCell(11, 1, 'test')
data.setCell(11, 2, 'core.ElementsValidationTest')
data.setCell(11, 3, 2525);
data.setCell(12, 0, 12)
data.setCell(12, 1, 'test')
data.setCell(12, 2, 'core.ElementsValidationTest')
data.setCell(12, 3, 2510);
data.setCell(13, 0, 13)
data.setCell(13, 1, 'test')
data.setCell(13, 2, 'core.ElementsValidationTest')
data.setCell(13, 3, 2510);
data.setCell(14, 0, 14)
data.setCell(14, 1, 'test')
data.setCell(14, 2, 'core.ElementsValidationTest')
data.setCell(14, 3, 2482);
data.setCell(15, 0, 15)
data.setCell(15, 1, 'test')
data.setCell(15, 2, 'core.ElementsValidationTest')
data.setCell(15, 3, 2446);
data.setCell(16, 0, 16)
data.setCell(16, 1, 'test')
data.setCell(16, 2, 'core.ElementsValidationTest')
data.setCell(16, 3, 2431);
data.setCell(17, 0, 17)
data.setCell(17, 1, 'test')
data.setCell(17, 2, 'core.ElementsValidationTest')
data.setCell(17, 3, 2425);
data.setCell(18, 0, 18)
data.setCell(18, 1, 'test')
data.setCell(18, 2, 'core.ElementsValidationTest')
data.setCell(18, 3, 2416);
data.setCell(19, 0, 19)
data.setCell(19, 1, 'test')
data.setCell(19, 2, 'core.ElementsValidationTest')
data.setCell(19, 3, 2385);
data.setCell(20, 0, 20)
data.setCell(20, 1, 'test')
data.setCell(20, 2, 'core.ElementsValidationTest')
data.setCell(20, 3, 2315);
data.setCell(21, 0, 21)
data.setCell(21, 1, 'test')
data.setCell(21, 2, 'core.ElementsValidationTest')
data.setCell(21, 3, 2296);
data.setCell(22, 0, 22)
data.setCell(22, 1, 'test')
data.setCell(22, 2, 'core.ElementsValidationTest')
data.setCell(22, 3, 2275);
data.setCell(23, 0, 23)
data.setCell(23, 1, 'test')
data.setCell(23, 2, 'core.ElementsValidationTest')
data.setCell(23, 3, 2263);
data.setCell(24, 0, 24)
data.setCell(24, 1, 'test')
data.setCell(24, 2, 'core.ElementsValidationTest')
data.setCell(24, 3, 2256);
data.setCell(25, 0, 25)
data.setCell(25, 1, 'test')
data.setCell(25, 2, 'core.ElementsValidationTest')
data.setCell(25, 3, 2250);
data.setCell(26, 0, 26)
data.setCell(26, 1, 'test')
data.setCell(26, 2, 'core.ElementsValidationTest')
data.setCell(26, 3, 2249);
data.setCell(27, 0, 27)
data.setCell(27, 1, 'test')
data.setCell(27, 2, 'core.ElementsValidationTest')
data.setCell(27, 3, 2247);
data.setCell(28, 0, 28)
data.setCell(28, 1, 'test')
data.setCell(28, 2, 'core.ElementsValidationTest')
data.setCell(28, 3, 2239);
data.setCell(29, 0, 29)
data.setCell(29, 1, 'test')
data.setCell(29, 2, 'core.ElementsValidationTest')
data.setCell(29, 3, 2218);
data.setCell(30, 0, 30)
data.setCell(30, 1, 'test')
data.setCell(30, 2, 'core.ElementsValidationTest')
data.setCell(30, 3, 2214);
data.setCell(31, 0, 31)
data.setCell(31, 1, 'test')
data.setCell(31, 2, 'core.ElementsValidationTest')
data.setCell(31, 3, 2204);
data.setCell(32, 0, 32)
data.setCell(32, 1, 'test')
data.setCell(32, 2, 'core.ElementsValidationTest')
data.setCell(32, 3, 2198);
data.setCell(33, 0, 33)
data.setCell(33, 1, 'test')
data.setCell(33, 2, 'core.ElementsValidationTest')
data.setCell(33, 3, 2198);
data.setCell(34, 0, 34)
data.setCell(34, 1, 'test')
data.setCell(34, 2, 'core.ElementsValidationTest')
data.setCell(34, 3, 2194);
data.setCell(35, 0, 35)
data.setCell(35, 1, 'test')
data.setCell(35, 2, 'core.ElementsValidationTest')
data.setCell(35, 3, 2190);
data.setCell(36, 0, 36)
data.setCell(36, 1, 'test')
data.setCell(36, 2, 'core.ElementsValidationTest')
data.setCell(36, 3, 2186);
data.setCell(37, 0, 37)
data.setCell(37, 1, 'test')
data.setCell(37, 2, 'core.ElementsValidationTest')
data.setCell(37, 3, 2182);
data.setCell(38, 0, 38)
data.setCell(38, 1, 'test')
data.setCell(38, 2, 'core.ElementsValidationTest')
data.setCell(38, 3, 2171);
data.setCell(39, 0, 39)
data.setCell(39, 1, 'test')
data.setCell(39, 2, 'core.ElementsValidationTest')
data.setCell(39, 3, 2171);
data.setCell(40, 0, 40)
data.setCell(40, 1, 'test')
data.setCell(40, 2, 'core.ElementsValidationTest')
data.setCell(40, 3, 2167);
data.setCell(41, 0, 41)
data.setCell(41, 1, 'test')
data.setCell(41, 2, 'core.ElementsValidationTest')
data.setCell(41, 3, 2160);
data.setCell(42, 0, 42)
data.setCell(42, 1, 'test')
data.setCell(42, 2, 'core.ElementsValidationTest')
data.setCell(42, 3, 2149);
data.setCell(43, 0, 43)
data.setCell(43, 1, 'test')
data.setCell(43, 2, 'core.ElementsValidationTest')
data.setCell(43, 3, 2149);
data.setCell(44, 0, 44)
data.setCell(44, 1, 'test')
data.setCell(44, 2, 'core.ElementsValidationTest')
data.setCell(44, 3, 2139);
data.setCell(45, 0, 45)
data.setCell(45, 1, 'test')
data.setCell(45, 2, 'core.ElementsValidationTest')
data.setCell(45, 3, 2119);
window.suiteTableData['Default_suite']= { tableData: data, tableDiv: 'times-div-Default_suite'}
return data;
}
              </script>
              <span class="suite-total-time">Total running time: 1 minutes</span>
              <div id="times-div-Default_suite">
              </div> <!-- times-div-Default_suite -->
            </div> <!-- times-div -->
          </div> <!-- main-panel-content rounded-window-bottom -->
        </div> <!-- panel -->
        <div panel-name="reporter-Default_suite" class="panel">
          <div class="main-panel-header rounded-window-top">
            <span class="header-content">Reporter output for Default suite</span>
          </div> <!-- main-panel-header rounded-window-top -->
          <div class="main-panel-content rounded-window-bottom">
          </div> <!-- main-panel-content rounded-window-bottom -->
        </div> <!-- panel -->
        <div panel-name="ignored-methods-Default_suite" class="panel">
          <div class="main-panel-header rounded-window-top">
            <span class="header-content">0 ignored methods</span>
          </div> <!-- main-panel-header rounded-window-top -->
          <div class="main-panel-content rounded-window-bottom">
          </div> <!-- main-panel-content rounded-window-bottom -->
        </div> <!-- panel -->
        <div panel-name="chronological-Default_suite" class="panel">
          <div class="main-panel-header rounded-window-top">
            <span class="header-content">Methods in chronological order</span>
          </div> <!-- main-panel-header rounded-window-top -->
          <div class="main-panel-content rounded-window-bottom">
            <div class="chronological-class">
              <div class="chronological-class-name">core.ElementsValidationTest</div> <!-- chronological-class-name -->
              <div class="configuration-method before">
                <span class="method-name">bm(public void core.ElementsValidationTest.test(java.lang.String,java.lang.String,java.lang.String,java...)</span>
                <span class="method-start">0 ms</span>
              </div> <!-- configuration-method before -->
              <div class="test-method">
                <span class="method-name">test(Dynamic text (quote), index.php, id_quotes, (1904, 20), (8, 48))</span>
                <span class="method-start">10 ms</span>
              </div> <!-- test-method -->
              <div class="configuration-method after">
                <span class="method-name">am</span>
                <span class="method-start">3695 ms</span>
              </div> <!-- configuration-method after -->
              <div class="configuration-method before">
                <span class="method-name">bm(public void core.ElementsValidationTest.test(java.lang.String,java.lang.String,java.lang.String,java...)</span>
                <span class="method-start">7168 ms</span>
              </div> <!-- configuration-method before -->
              <div class="test-method">
                <span class="method-name">test(Page title (Sing Up), index.php, id_f_title, (151, 46), (560, 86))</span>
                <span class="method-start">7168 ms</span>
              </div> <!-- test-method -->
              <div class="configuration-method after">
                <span class="method-name">am</span>
                <span class="method-start">9484 ms</span>
              </div> <!-- configuration-method after -->
              <div class="configuration-method before">
                <span class="method-name">bm(public void core.ElementsValidationTest.test(java.lang.String,java.lang.String,java.lang.String,java...)</span>
                <span class="method-start">12454 ms</span>
              </div> <!-- configuration-method before -->
              <div class="test-method">
                <span class="method-name">test(text (current location), index.php, id_current_location, (178, 25), (1156, 70))</span>
                <span class="method-start">12455 ms</span>
              </div> <!-- test-method -->
              <div class="configuration-method after">
                <span class="method-name">am</span>
                <span class="method-start">14707 ms</span>
              </div> <!-- configuration-method after -->
              <div class="configuration-method before">
                <span class="method-name">bm(public void core.ElementsValidationTest.test(java.lang.String,java.lang.String,java.lang.String,java...)</span>
                <span class="method-start">17686 ms</span>
              </div> <!-- configuration-method before -->
              <div class="test-method">
                <img src="failed.png">
                </img>
                <span class="method-name">test(Image (weather icon), index.php, id_weather_icon, (50, 50), (1203, 98)		)</span>
                <span class="method-start">17686 ms</span>
              </div> <!-- test-method -->
              <div class="configuration-method after">
                <span class="method-name">am</span>
                <span class="method-start">20121 ms</span>
              </div> <!-- configuration-method after -->
              <div class="configuration-method before">
                <span class="method-name">bm(public void core.ElementsValidationTest.test(java.lang.String,java.lang.String,java.lang.String,java...)</span>
                <span class="method-start">23117 ms</span>
              </div> <!-- configuration-method before -->
              <div class="test-method">
                <img src="failed.png">
                </img>
                <span class="method-name">test(Dynamic text (temperature), index.php, id_temperature, (70, 42), (1264, 92)		)</span>
                <span class="method-start">23118 ms</span>
              </div> <!-- test-method -->
              <div class="configuration-method after">
                <span class="method-name">am</span>
                <span class="method-start">25383 ms</span>
              </div> <!-- configuration-method after -->
              <div class="configuration-method before">
                <span class="method-name">bm(public void core.ElementsValidationTest.test(java.lang.String,java.lang.String,java.lang.String,java...)</span>
                <span class="method-start">28370 ms</span>
              </div> <!-- configuration-method before -->
              <div class="test-method">
                <img src="failed.png">
                </img>
                <span class="method-name">test(Label (first name), index.php, id_f_label_fn, (104, 25), (560, 153)		)</span>
                <span class="method-start">28371 ms</span>
              </div> <!-- test-method -->
              <div class="configuration-method after">
                <span class="method-name">am</span>
                <span class="method-start">30630 ms</span>
              </div> <!-- configuration-method after -->
              <div class="configuration-method before">
                <span class="method-name">bm(public void core.ElementsValidationTest.test(java.lang.String,java.lang.String,java.lang.String,java...)</span>
                <span class="method-start">33619 ms</span>
              </div> <!-- configuration-method before -->
              <div class="test-method">
                <img src="failed.png">
                </img>
                <span class="method-name">test(Field (first name), index.php, id_fname, (368, 42), (560, 183)		)</span>
                <span class="method-start">33619 ms</span>
              </div> <!-- test-method -->
              <div class="configuration-method after">
                <span class="method-name">am</span>
                <span class="method-start">35826 ms</span>
              </div> <!-- configuration-method after -->
              <div class="configuration-method before">
                <span class="method-name">bm(public void core.ElementsValidationTest.test(java.lang.String,java.lang.String,java.lang.String,java...)</span>
                <span class="method-start">38819 ms</span>
              </div> <!-- configuration-method before -->
              <div class="test-method">
                <img src="failed.png">
                </img>
                <span class="method-name">test(Label (last name), index.php, id_f_label_ln, (103, 25), (985, 153)		)</span>
                <span class="method-start">38819 ms</span>
              </div> <!-- test-method -->
              <div class="configuration-method after">
                <span class="method-name">am</span>
                <span class="method-start">41019 ms</span>
              </div> <!-- configuration-method after -->
              <div class="configuration-method before">
                <span class="method-name">bm(public void core.ElementsValidationTest.test(java.lang.String,java.lang.String,java.lang.String,java...)</span>
                <span class="method-start">43985 ms</span>
              </div> <!-- configuration-method before -->
              <div class="test-method">
                <img src="failed.png">
                </img>
                <span class="method-name">test(Field (last name), index.php, id_lname, (368, 42), (985, 183)	)</span>
                <span class="method-start">43985 ms</span>
              </div> <!-- test-method -->
              <div class="configuration-method after">
                <span class="method-name">am</span>
                <span class="method-start">46231 ms</span>
              </div> <!-- configuration-method after -->
              <div class="configuration-method before">
                <span class="method-name">bm(public void core.ElementsValidationTest.test(java.lang.String,java.lang.String,java.lang.String,java...)</span>
                <span class="method-start">49232 ms</span>
              </div> <!-- configuration-method before -->
              <div class="test-method">
                <img src="failed.png">
                </img>
                <span class="method-name">test(Label (email address), index.php, id_f_label_ea, (138, 25), (560, 233)		)</span>
                <span class="method-start">49233 ms</span>
              </div> <!-- test-method -->
              <div class="configuration-method after">
                <span class="method-name">am</span>
                <span class="method-start">51429 ms</span>
              </div> <!-- configuration-method after -->
              <div class="configuration-method before">
                <span class="method-name">bm(public void core.ElementsValidationTest.test(java.lang.String,java.lang.String,java.lang.String,java...)</span>
                <span class="method-start">54417 ms</span>
              </div> <!-- configuration-method before -->
              <div class="test-method">
                <img src="failed.png">
                </img>
                <span class="method-name">test(Field (email address), index.php, id_email, (368, 42), (560, 263)		)</span>
                <span class="method-start">54417 ms</span>
              </div> <!-- test-method -->
              <div class="configuration-method after">
                <span class="method-name">am</span>
                <span class="method-start">57667 ms</span>
              </div> <!-- configuration-method after -->
              <div class="configuration-method before">
                <span class="method-name">bm(public void core.ElementsValidationTest.test(java.lang.String,java.lang.String,java.lang.String,java...)</span>
                <span class="method-start">60619 ms</span>
              </div> <!-- configuration-method before -->
              <div class="test-method">
                <img src="failed.png">
                </img>
                <span class="method-name">test(Label (phone number), index.php, id_f_label_pn, (143, 25), (985, 233)		)</span>
                <span class="method-start">60620 ms</span>
              </div> <!-- test-method -->
              <div class="configuration-method after">
                <span class="method-name">am</span>
                <span class="method-start">62917 ms</span>
              </div> <!-- configuration-method after -->
              <div class="configuration-method before">
                <span class="method-name">bm(public void core.ElementsValidationTest.test(java.lang.String,java.lang.String,java.lang.String,java...)</span>
                <span class="method-start">65903 ms</span>
              </div> <!-- configuration-method before -->
              <div class="test-method">
                <img src="failed.png">
                </img>
                <span class="method-name">test(Field (phone number), index.php, id_phone, (368, 42), (985, 263)		)</span>
                <span class="method-start">65903 ms</span>
              </div> <!-- test-method -->
              <div class="configuration-method after">
                <span class="method-name">am</span>
                <span class="method-start">68076 ms</span>
              </div> <!-- configuration-method after -->
              <div class="configuration-method before">
                <span class="method-name">bm(public void core.ElementsValidationTest.test(java.lang.String,java.lang.String,java.lang.String,java...)</span>
                <span class="method-start">71064 ms</span>
              </div> <!-- configuration-method before -->
              <div class="test-method">
                <img src="failed.png">
                </img>
                <span class="method-name">test(Label (radio male), index.php, id_r_label_m, (43, 23), (612, 354)		)</span>
                <span class="method-start">71065 ms</span>
              </div> <!-- test-method -->
              <div class="configuration-method after">
                <span class="method-name">am</span>
                <span class="method-start">73228 ms</span>
              </div> <!-- configuration-method after -->
              <div class="configuration-method before">
                <span class="method-name">bm(public void core.ElementsValidationTest.test(java.lang.String,java.lang.String,java.lang.String,java...)</span>
                <span class="method-start">76217 ms</span>
              </div> <!-- configuration-method before -->
              <div class="test-method">
                <img src="failed.png">
                </img>
                <span class="method-name">test(Radio Button (male), index.php, id_g_radio_01, (26, 26), (571, 353)		)</span>
                <span class="method-start">76217 ms</span>
              </div> <!-- test-method -->
              <div class="configuration-method after">
                <span class="method-name">am</span>
                <span class="method-start">78409 ms</span>
              </div> <!-- configuration-method after -->
              <div class="configuration-method before">
                <span class="method-name">bm(public void core.ElementsValidationTest.test(java.lang.String,java.lang.String,java.lang.String,java...)</span>
                <span class="method-start">81399 ms</span>
              </div> <!-- configuration-method before -->
              <div class="test-method">
                <img src="failed.png">
                </img>
                <span class="method-name">test(Label (radio female), index.php, id_r_label_f, (66, 23), (792, 354)		)</span>
                <span class="method-start">81400 ms</span>
              </div> <!-- test-method -->
              <div class="configuration-method after">
                <span class="method-name">am</span>
                <span class="method-start">83651 ms</span>
              </div> <!-- configuration-method after -->
              <div class="configuration-method before">
                <span class="method-name">bm(public void core.ElementsValidationTest.test(java.lang.String,java.lang.String,java.lang.String,java...)</span>
                <span class="method-start">86617 ms</span>
              </div> <!-- configuration-method before -->
              <div class="test-method">
                <img src="failed.png">
                </img>
                <span class="method-name">test(Radio Button (female), index.php, id_g_radio_02, (26, 26), (751, 353)		)</span>
                <span class="method-start">86618 ms</span>
              </div> <!-- test-method -->
              <div class="configuration-method after">
                <span class="method-name">am</span>
                <span class="method-start">88768 ms</span>
              </div> <!-- configuration-method after -->
              <div class="configuration-method before">
                <span class="method-name">bm(public void core.ElementsValidationTest.test(java.lang.String,java.lang.String,java.lang.String,java...)</span>
                <span class="method-start">91766 ms</span>
              </div> <!-- configuration-method before -->
              <div class="test-method">
                <img src="failed.png">
                </img>
                <span class="method-name">test(Label (state), index.php, id_f_label_s, (50, 25), (985, 312)		)</span>
                <span class="method-start">91767 ms</span>
              </div> <!-- test-method -->
              <div class="configuration-method after">
                <span class="method-name">am</span>
                <span class="method-start">94016 ms</span>
              </div> <!-- configuration-method after -->
              <div class="configuration-method before">
                <span class="method-name">bm(public void core.ElementsValidationTest.test(java.lang.String,java.lang.String,java.lang.String,java...)</span>
                <span class="method-start">96966 ms</span>
              </div> <!-- configuration-method before -->
              <div class="test-method">
                <img src="failed.png">
                </img>
                <span class="method-name">test(Drop-down List (state), index.php, id_state, (345, 44), (985, 342)		)</span>
                <span class="method-start">96966 ms</span>
              </div> <!-- test-method -->
              <div class="configuration-method after">
                <span class="method-name">am</span>
                <span class="method-start">99153 ms</span>
              </div> <!-- configuration-method after -->
              <div class="configuration-method before">
                <span class="method-name">bm(public void core.ElementsValidationTest.test(java.lang.String,java.lang.String,java.lang.String,java...)</span>
                <span class="method-start">102151 ms</span>
              </div> <!-- configuration-method before -->
              <div class="test-method">
                <img src="failed.png">
                </img>
                <span class="method-name">test(Label (I agree to the Terms), index.php, id_cb_label, (234, 29), (555, 555)		)</span>
                <span class="method-start">102151 ms</span>
              </div> <!-- test-method -->
              <div class="configuration-method after">
                <span class="method-name">am</span>
                <span class="method-start">104301 ms</span>
              </div> <!-- configuration-method after -->
              <div class="configuration-method before">
                <span class="method-name">bm(public void core.ElementsValidationTest.test(java.lang.String,java.lang.String,java.lang.String,java...)</span>
                <span class="method-start">107300 ms</span>
              </div> <!-- configuration-method before -->
              <div class="test-method">
                <img src="failed.png">
                </img>
                <span class="method-name">test(Checkbox (terms), index.php, id_checkbox, (26, 26), (560, 419)		)</span>
                <span class="method-start">107300 ms</span>
              </div> <!-- test-method -->
              <div class="configuration-method after">
                <span class="method-name">am</span>
                <span class="method-start">109484 ms</span>
              </div> <!-- configuration-method after -->
              <div class="configuration-method before">
                <span class="method-name">bm(public void core.ElementsValidationTest.test(java.lang.String,java.lang.String,java.lang.String,java...)</span>
                <span class="method-start">112451 ms</span>
              </div> <!-- configuration-method before -->
              <div class="test-method">
                <img src="failed.png">
                </img>
                <span class="method-name">test(Image (facebook), index.php, id_img_facebook, (60, 60), (560, 477))		)</span>
                <span class="method-start">112451 ms</span>
              </div> <!-- test-method -->
              <div class="configuration-method after">
                <span class="method-name">am</span>
                <span class="method-start">114651 ms</span>
              </div> <!-- configuration-method after -->
              <div class="configuration-method before">
                <span class="method-name">bm(public void core.ElementsValidationTest.test(java.lang.String,java.lang.String,java.lang.String,java...)</span>
                <span class="method-start">117650 ms</span>
              </div> <!-- configuration-method before -->
              <div class="test-method">
                <img src="failed.png">
                </img>
                <span class="method-name">test(Image (twitter), index.php, id_img_twitter, (60, 60), (629, 477)		)</span>
                <span class="method-start">117651 ms</span>
              </div> <!-- test-method -->
              <div class="configuration-method after">
                <span class="method-name">am</span>
                <span class="method-start">120068 ms</span>
              </div> <!-- configuration-method after -->
              <div class="configuration-method before">
                <span class="method-name">bm(public void core.ElementsValidationTest.test(java.lang.String,java.lang.String,java.lang.String,java...)</span>
                <span class="method-start">123036 ms</span>
              </div> <!-- configuration-method before -->
              <div class="test-method">
                <img src="failed.png">
                </img>
                <span class="method-name">test(Image (flickr), index.php, id_img_flickr, (60, 60), (698, 477)		)</span>
                <span class="method-start">123036 ms</span>
              </div> <!-- test-method -->
              <div class="configuration-method after">
                <span class="method-name">am</span>
                <span class="method-start">125204 ms</span>
              </div> <!-- configuration-method after -->
              <div class="configuration-method before">
                <span class="method-name">bm(public void core.ElementsValidationTest.test(java.lang.String,java.lang.String,java.lang.String,java...)</span>
                <span class="method-start">128235 ms</span>
              </div> <!-- configuration-method before -->
              <div class="test-method">
                <img src="failed.png">
                </img>
                <span class="method-name">test(Image (youtube), index.php, id_img_youtube, (60, 60), (767, 477)		)</span>
                <span class="method-start">128235 ms</span>
              </div> <!-- test-method -->
              <div class="configuration-method after">
                <span class="method-name">am</span>
                <span class="method-start">130408 ms</span>
              </div> <!-- configuration-method after -->
              <div class="configuration-method before">
                <span class="method-name">bm(public void core.ElementsValidationTest.test(java.lang.String,java.lang.String,java.lang.String,java...)</span>
                <span class="method-start">133399 ms</span>
              </div> <!-- configuration-method before -->
              <div class="test-method">
                <img src="failed.png">
                </img>
                <span class="method-name">test(Button (Reset), index.php, id_reset_button, (104, 37), (986, 493)		)</span>
                <span class="method-start">133399 ms</span>
              </div> <!-- test-method -->
              <div class="configuration-method after">
                <span class="method-name">am</span>
                <span class="method-start">135618 ms</span>
              </div> <!-- configuration-method after -->
              <div class="configuration-method before">
                <span class="method-name">bm(public void core.ElementsValidationTest.test(java.lang.String,java.lang.String,java.lang.String,java...)</span>
                <span class="method-start">138605 ms</span>
              </div> <!-- configuration-method before -->
              <div class="test-method">
                <img src="failed.png">
                </img>
                <span class="method-name">test(Button (Submit), index.php, id_submit_button, (118, 37), (1241, 493)		)</span>
                <span class="method-start">138605 ms</span>
              </div> <!-- test-method -->
              <div class="configuration-method after">
                <span class="method-name">am</span>
                <span class="method-start">140820 ms</span>
              </div> <!-- configuration-method after -->
              <div class="configuration-method before">
                <span class="method-name">bm(public void core.ElementsValidationTest.test(java.lang.String,java.lang.String,java.lang.String,java...)</span>
                <span class="method-start">143848 ms</span>
              </div> <!-- configuration-method before -->
              <div class="test-method">
                <img src="failed.png">
                </img>
                <span class="method-name">test(Dynamic text (todayâ€™s date), index.php, timestamp, (290, 24), (535, 550)		)</span>
                <span class="method-start">143848 ms</span>
              </div> <!-- test-method -->
              <div class="configuration-method after">
                <span class="method-name">am</span>
                <span class="method-start">145989 ms</span>
              </div> <!-- configuration-method after -->
              <div class="configuration-method before">
                <span class="method-name">bm(public void core.ElementsValidationTest.test(java.lang.String,java.lang.String,java.lang.String,java...)</span>
                <span class="method-start">148950 ms</span>
              </div> <!-- configuration-method before -->
              <div class="test-method">
                <img src="failed.png">
                </img>
                <span class="method-name">test(Dynamic text (copyright), index.php, copyright, (250, 24), (825, 550)		)</span>
                <span class="method-start">148950 ms</span>
              </div> <!-- test-method -->
              <div class="configuration-method after">
                <span class="method-name">am</span>
                <span class="method-start">151227 ms</span>
              </div> <!-- configuration-method after -->
              <div class="configuration-method before">
                <span class="method-name">bm(public void core.ElementsValidationTest.test(java.lang.String,java.lang.String,java.lang.String,java...)</span>
                <span class="method-start">154200 ms</span>
              </div> <!-- configuration-method before -->
              <div class="test-method">
                <img src="failed.png">
                </img>
                <span class="method-name">test(Dynamic text (os & browser), index.php, os_browser, (310, 24), (1075, 550)		)</span>
                <span class="method-start">154200 ms</span>
              </div> <!-- test-method -->
              <div class="configuration-method after">
                <span class="method-name">am</span>
                <span class="method-start">156320 ms</span>
              </div> <!-- configuration-method after -->
              <div class="configuration-method before">
                <span class="method-name">bm(public void core.ElementsValidationTest.test(java.lang.String,java.lang.String,java.lang.String,java...)</span>
                <span class="method-start">159267 ms</span>
              </div> <!-- configuration-method before -->
              <div class="test-method">
                <img src="failed.png">
                </img>
                <span class="method-name">test(Page title (Confirmation), confirmation.php, id_f_title, (249, 46), (560, 84)		)</span>
                <span class="method-start">159267 ms</span>
              </div> <!-- test-method -->
              <div class="configuration-method after">
                <span class="method-name">am</span>
                <span class="method-start">162039 ms</span>
              </div> <!-- configuration-method after -->
              <div class="configuration-method before">
                <span class="method-name">bm(public void core.ElementsValidationTest.test(java.lang.String,java.lang.String,java.lang.String,java...)</span>
                <span class="method-start">164998 ms</span>
              </div> <!-- configuration-method before -->
              <div class="test-method">
                <img src="failed.png">
                </img>
                <span class="method-name">test(Confirmation Label (first name), confirmation.php, id_f_label_fn_conf, (104, 25), (555, 555)		)</span>
                <span class="method-start">164998 ms</span>
              </div> <!-- test-method -->
              <div class="configuration-method after">
                <span class="method-name">am</span>
                <span class="method-start">167509 ms</span>
              </div> <!-- configuration-method after -->
              <div class="configuration-method before">
                <span class="method-name">bm(public void core.ElementsValidationTest.test(java.lang.String,java.lang.String,java.lang.String,java...)</span>
                <span class="method-start">170486 ms</span>
              </div> <!-- configuration-method before -->
              <div class="test-method">
                <img src="failed.png">
                </img>
                <span class="method-name">test(Confirmation Field (first name), confirmation.php, id_fname_conf, (10, 42), (561, 186)		)</span>
                <span class="method-start">170486 ms</span>
              </div> <!-- test-method -->
              <div class="configuration-method after">
                <span class="method-name">am</span>
                <span class="method-start">173215 ms</span>
              </div> <!-- configuration-method after -->
              <div class="configuration-method before">
                <span class="method-name">bm(public void core.ElementsValidationTest.test(java.lang.String,java.lang.String,java.lang.String,java...)</span>
                <span class="method-start">176179 ms</span>
              </div> <!-- configuration-method before -->
              <div class="test-method">
                <img src="failed.png">
                </img>
                <span class="method-name">test(Confirmation Label (last name), confirmation.php, id_f_label_ln_conf, (103, 25), (986, 153)		)</span>
                <span class="method-start">176179 ms</span>
              </div> <!-- test-method -->
              <div class="configuration-method after">
                <span class="method-name">am</span>
                <span class="method-start">178794 ms</span>
              </div> <!-- configuration-method after -->
              <div class="configuration-method before">
                <span class="method-name">bm(public void core.ElementsValidationTest.test(java.lang.String,java.lang.String,java.lang.String,java...)</span>
                <span class="method-start">181763 ms</span>
              </div> <!-- configuration-method before -->
              <div class="test-method">
                <img src="failed.png">
                </img>
                <span class="method-name">test(Confirmation Field (last name), confirmation.php, id_lname_conf, (10, 42), (986, 186)		)</span>
                <span class="method-start">181763 ms</span>
              </div> <!-- test-method -->
              <div class="configuration-method after">
                <span class="method-name">am</span>
                <span class="method-start">184150 ms</span>
              </div> <!-- configuration-method after -->
              <div class="configuration-method before">
                <span class="method-name">bm(public void core.ElementsValidationTest.test(java.lang.String,java.lang.String,java.lang.String,java...)</span>
                <span class="method-start">187119 ms</span>
              </div> <!-- configuration-method before -->
              <div class="test-method">
                <img src="failed.png">
                </img>
                <span class="method-name">test(Confirmation Label (email address), confirmation.php, id_f_label_email_conf, (138, 25), (561, 233)		)</span>
                <span class="method-start">187119 ms</span>
              </div> <!-- test-method -->
              <div class="configuration-method after">
                <span class="method-name">am</span>
                <span class="method-start">189654 ms</span>
              </div> <!-- configuration-method after -->
              <div class="configuration-method before">
                <span class="method-name">bm(public void core.ElementsValidationTest.test(java.lang.String,java.lang.String,java.lang.String,java...)</span>
                <span class="method-start">192668 ms</span>
              </div> <!-- configuration-method before -->
              <div class="test-method">
                <img src="failed.png">
                </img>
                <span class="method-name">test(Confirmation Field (email address), confirmation.php, id_email_conf, (10, 42), (561, 266)		)</span>
                <span class="method-start">192669 ms</span>
              </div> <!-- test-method -->
              <div class="configuration-method after">
                <span class="method-name">am</span>
                <span class="method-start">195266 ms</span>
              </div> <!-- configuration-method after -->
              <div class="configuration-method before">
                <span class="method-name">bm(public void core.ElementsValidationTest.test(java.lang.String,java.lang.String,java.lang.String,java...)</span>
                <span class="method-start">198236 ms</span>
              </div> <!-- configuration-method before -->
              <div class="test-method">
                <img src="failed.png">
                </img>
                <span class="method-name">test(Confirmation Label (phone number), confirmation.php, id_f_label_phone_conf, (143, 25), (986, 233)		)</span>
                <span class="method-start">198236 ms</span>
              </div> <!-- test-method -->
              <div class="configuration-method after">
                <span class="method-name">am</span>
                <span class="method-start">201246 ms</span>
              </div> <!-- configuration-method after -->
              <div class="configuration-method before">
                <span class="method-name">bm(public void core.ElementsValidationTest.test(java.lang.String,java.lang.String,java.lang.String,java...)</span>
                <span class="method-start">204302 ms</span>
              </div> <!-- configuration-method before -->
              <div class="test-method">
                <img src="failed.png">
                </img>
                <span class="method-name">test(Confirmation Field (phone number), confirmation.php, id_phone_conf, (10, 42), (986, 266)		)</span>
                <span class="method-start">204302 ms</span>
              </div> <!-- test-method -->
              <div class="configuration-method after">
                <span class="method-name">am</span>
                <span class="method-start">206844 ms</span>
              </div> <!-- configuration-method after -->
              <div class="configuration-method before">
                <span class="method-name">bm(public void core.ElementsValidationTest.test(java.lang.String,java.lang.String,java.lang.String,java...)</span>
                <span class="method-start">209949 ms</span>
              </div> <!-- configuration-method before -->
              <div class="test-method">
                <img src="failed.png">
                </img>
                <span class="method-name">test(Confirmation Label (gender), confirmation.php, id_f_label_gender_conf, (71, 25), (561, 313)		)</span>
                <span class="method-start">209949 ms</span>
              </div> <!-- test-method -->
              <div class="configuration-method after">
                <span class="method-name">am</span>
                <span class="method-start">212396 ms</span>
              </div> <!-- configuration-method after -->
              <div class="configuration-method before">
                <span class="method-name">bm(public void core.ElementsValidationTest.test(java.lang.String,java.lang.String,java.lang.String,java...)</span>
                <span class="method-start">215400 ms</span>
              </div> <!-- configuration-method before -->
              <div class="test-method">
                <img src="failed.png">
                </img>
                <span class="method-name">test(Confirmation Field (gender), confirmation.php, id_gender_conf, (10, 42), (561, 346)		)</span>
                <span class="method-start">215400 ms</span>
              </div> <!-- test-method -->
              <div class="configuration-method after">
                <span class="method-name">am</span>
                <span class="method-start">217911 ms</span>
              </div> <!-- configuration-method after -->
              <div class="configuration-method before">
                <span class="method-name">bm(public void core.ElementsValidationTest.test(java.lang.String,java.lang.String,java.lang.String,java...)</span>
                <span class="method-start">220983 ms</span>
              </div> <!-- configuration-method before -->
              <div class="test-method">
                <img src="failed.png">
                </img>
                <span class="method-name">test(Confirmation Label (state), confirmation.php, id_f_label_state_conf, (50, 25), (986, 313)		)</span>
                <span class="method-start">220983 ms</span>
              </div> <!-- test-method -->
              <div class="configuration-method after">
                <span class="method-name">am</span>
                <span class="method-start">223466 ms</span>
              </div> <!-- configuration-method after -->
              <div class="configuration-method before">
                <span class="method-name">bm(public void core.ElementsValidationTest.test(java.lang.String,java.lang.String,java.lang.String,java...)</span>
                <span class="method-start">226478 ms</span>
              </div> <!-- configuration-method before -->
              <div class="test-method">
                <img src="failed.png">
                </img>
                <span class="method-name">test(Confirmation Field (state), confirmation.php, id_state_conf, (10, 42), (986, 346)		)</span>
                <span class="method-start">226478 ms</span>
              </div> <!-- test-method -->
              <div class="configuration-method after">
                <span class="method-name">am</span>
                <span class="method-start">229101 ms</span>
              </div> <!-- configuration-method after -->
              <div class="configuration-method before">
                <span class="method-name">bm(public void core.ElementsValidationTest.test(java.lang.String,java.lang.String,java.lang.String,java...)</span>
                <span class="method-start">232092 ms</span>
              </div> <!-- configuration-method before -->
              <div class="test-method">
                <img src="failed.png">
                </img>
                <span class="method-name">test(Confirmation Label (Terms?), confirmation.php, id_f_label_terms_conf, (72, 25), (561, 393)		)</span>
                <span class="method-start">232092 ms</span>
              </div> <!-- test-method -->
              <div class="configuration-method after">
                <span class="method-name">am</span>
                <span class="method-start">234518 ms</span>
              </div> <!-- configuration-method after -->
              <div class="configuration-method before">
                <span class="method-name">bm(public void core.ElementsValidationTest.test(java.lang.String,java.lang.String,java.lang.String,java...)</span>
                <span class="method-start">237531 ms</span>
              </div> <!-- configuration-method before -->
              <div class="test-method">
                <img src="failed.png">
                </img>
                <span class="method-name">test(Confirmation Field (terms), confirmation.php, id_terms_conf, (10, 42), (561, 426)		)</span>
                <span class="method-start">237531 ms</span>
              </div> <!-- test-method -->
              <div class="configuration-method after">
                <span class="method-name">am</span>
                <span class="method-start">240057 ms</span>
              </div> <!-- configuration-method after -->
              <div class="configuration-method before">
                <span class="method-name">bm(public void core.ElementsValidationTest.test(java.lang.String,java.lang.String,java.lang.String,java...)</span>
                <span class="method-start">243063 ms</span>
              </div> <!-- configuration-method before -->
              <div class="test-method">
                <img src="failed.png">
                </img>
                <span class="method-name">test(Confirmation Button (Back), confirmation.php, id_back_button, (120, 37), (986, 491)		)</span>
                <span class="method-start">243063 ms</span>
              </div> <!-- test-method -->
              <div class="configuration-method after">
                <span class="method-name">am</span>
                <span class="method-start">245589 ms</span>
              </div> <!-- configuration-method after -->
          </div> <!-- main-panel-content rounded-window-bottom -->
        </div> <!-- panel -->
      </div> <!-- main-panel-root -->
    </div> <!-- wrapper -->
  </body>
</html>
